"../../../Engine/Content/EditorResources/S_Actor.ubulk" 0
"../../../Engine/Content/EditorResources/S_Actor.uasset" 1
"../../../Engine/Content/EditorResources/S_Actor.uexp" 2
"../../../Engine/Content/EditorResources/S_BoxReflectionCapture.uasset" 3
"../../../Engine/Content/EditorResources/S_BoxReflectionCapture.uexp" 4
"../../../Engine/Content/EngineResources/DefaultTexture.ubulk" 5
"../../../Engine/Content/EngineResources/DefaultTexture.uasset" 6
"../../../Engine/Content/EngineResources/DefaultTexture.uexp" 7
"../../../Engine/Content/EngineResources/DefaultTextureCube.uasset" 8
"../../../Engine/Content/EngineResources/DefaultTextureCube.uexp" 9
"../../../Engine/Content/EngineResources/DefaultVolumeTexture2D.uasset" 10
"../../../Engine/Content/EngineResources/DefaultVolumeTexture2D.uexp" 11
"../../../Engine/Content/EngineResources/DefaultVolumeTexture.uasset" 12
"../../../Engine/Content/EngineResources/DefaultVolumeTexture.uexp" 13
"../../../Engine/Content/EditorResources/S_Trigger.ubulk" 14
"../../../Engine/Content/EditorResources/S_Trigger.uasset" 15
"../../../Engine/Content/EditorResources/S_Trigger.uexp" 16
"../../../Engine/Content/EditorResources/S_TriggerBox.uasset" 17
"../../../Engine/Content/EditorResources/S_TriggerBox.uexp" 18
"../../../Engine/Content/EditorResources/S_TriggerCapsule.uasset" 19
"../../../Engine/Content/EditorResources/S_TriggerCapsule.uexp" 20
"../../../Engine/Content/EditorResources/S_TriggerSphere.uasset" 21
"../../../Engine/Content/EditorResources/S_TriggerSphere.uexp" 22
"../../../Engine/Content/EngineResources/GradientTexture0.uasset" 23
"../../../Engine/Content/EngineResources/GradientTexture0.uexp" 24
"../../../Engine/Content/EngineResources/Black.uasset" 25
"../../../Engine/Content/EngineResources/Black.uexp" 26
"../../../Engine/Content/VREditor/LaserPointer/VR_LaserPower_01.ubulk" 27
"../../../Engine/Content/VREditor/LaserPointer/VR_LaserPower_01.uasset" 28
"../../../Engine/Content/VREditor/LaserPointer/VR_LaserPower_01.uexp" 29
"../../../Engine/Content/VREditor/TransformGizmo/TransformGizmoMaterial.uasset" 30
"../../../Engine/Content/VREditor/TransformGizmo/TransformGizmoMaterial.uexp" 31
"../../../Engine/Content/VREditor/TransformGizmo/TranslucentTransformGizmoMaterial.uasset" 32
"../../../Engine/Content/VREditor/TransformGizmo/TranslucentTransformGizmoMaterial.uexp" 33
"../../../Engine/Content/VREditor/TransformGizmo/PlaneTranslationHandle.ubulk" 34
"../../../Engine/Content/VREditor/TransformGizmo/PlaneTranslationHandle.uasset" 35
"../../../Engine/Content/VREditor/TransformGizmo/PlaneTranslationHandle.uexp" 36
"../../../Engine/Content/VREditor/TransformGizmo/BoundingBoxCorner.ubulk" 37
"../../../Engine/Content/VREditor/TransformGizmo/BoundingBoxCorner.uasset" 38
"../../../Engine/Content/VREditor/TransformGizmo/BoundingBoxCorner.uexp" 39
"../../../Engine/Content/VREditor/TransformGizmo/BoundingBoxEdge.ubulk" 40
"../../../Engine/Content/VREditor/TransformGizmo/BoundingBoxEdge.uasset" 41
"../../../Engine/Content/VREditor/TransformGizmo/BoundingBoxEdge.uexp" 42
"../../../Engine/Content/VREditor/TransformGizmo/Main.uasset" 43
"../../../Engine/Content/VREditor/TransformGizmo/Main.uexp" 44
"../../../Engine/Content/VREditor/TransformGizmo/Xray.uasset" 45
"../../../Engine/Content/VREditor/TransformGizmo/Xray.uexp" 46
"../../../Engine/Content/VREditor/TransformGizmo/SM_Sequencer_Node.ubulk" 47
"../../../Engine/Content/VREditor/TransformGizmo/SM_Sequencer_Node.uasset" 48
"../../../Engine/Content/VREditor/TransformGizmo/SM_Sequencer_Node.uexp" 49
"../../../Engine/Content/EditorMaterials/Camera/CineMat.uasset" 50
"../../../Engine/Content/EditorMaterials/Camera/CineMat.uexp" 51
"../../../Engine/Content/EditorMaterials/Camera/MI_CineMat_Rig.uasset" 52
"../../../Engine/Content/EditorMaterials/Camera/MI_CineMat_Rig.uexp" 53
"../../../Engine/Content/EditorMeshes/Camera/SM_CraneRig_Base.ubulk" 54
"../../../Engine/Content/EditorMeshes/Camera/SM_CraneRig_Base.uasset" 55
"../../../Engine/Content/EditorMeshes/Camera/SM_CraneRig_Base.uexp" 56
"../../../Engine/Content/EditorMeshes/Camera/SM_CraneRig_Arm.ubulk" 57
"../../../Engine/Content/EditorMeshes/Camera/SM_CraneRig_Arm.uasset" 58
"../../../Engine/Content/EditorMeshes/Camera/SM_CraneRig_Arm.uexp" 59
"../../../Engine/Content/EditorMeshes/Camera/SM_CraneRig_Mount.ubulk" 60
"../../../Engine/Content/EditorMeshes/Camera/SM_CraneRig_Mount.uasset" 61
"../../../Engine/Content/EditorMeshes/Camera/SM_CraneRig_Mount.uexp" 62
"../../../Engine/Content/EditorMeshes/Camera/SM_CraneRig_Body.ubulk" 63
"../../../Engine/Content/EditorMeshes/Camera/SM_CraneRig_Body.uasset" 64
"../../../Engine/Content/EditorMeshes/Camera/SM_CraneRig_Body.uexp" 65
"../../../Engine/Content/EditorMeshes/Camera/SM_RailRig_Track.ubulk" 66
"../../../Engine/Content/EditorMeshes/Camera/SM_RailRig_Track.uasset" 67
"../../../Engine/Content/EditorMeshes/Camera/SM_RailRig_Track.uexp" 68
"../../../Engine/Content/EditorMeshes/Camera/SM_RailRig_Mount.ubulk" 69
"../../../Engine/Content/EditorMeshes/Camera/SM_RailRig_Mount.uasset" 70
"../../../Engine/Content/EditorMeshes/Camera/SM_RailRig_Mount.uexp" 71
"../../../Engine/Content/EngineMaterials/T_Default_Material_Grid_M.ubulk" 72
"../../../Engine/Content/EngineMaterials/T_Default_Material_Grid_M.uasset" 73
"../../../Engine/Content/EngineMaterials/T_Default_Material_Grid_M.uexp" 74
"../../../Engine/Content/EngineMaterials/T_Default_Material_Grid_N.ubulk" 75
"../../../Engine/Content/EngineMaterials/T_Default_Material_Grid_N.uasset" 76
"../../../Engine/Content/EngineMaterials/T_Default_Material_Grid_N.uexp" 77
"../../../Engine/Content/Functions/Engine_MaterialFunctions01/Opacity/CameraDepthFade.uasset" 78
"../../../Engine/Content/Functions/Engine_MaterialFunctions01/Opacity/CameraDepthFade.uexp" 79
"../../../Engine/Content/EngineMaterials/WorldGridMaterial.uasset" 80
"../../../Engine/Content/EngineMaterials/WorldGridMaterial.uexp" 81
"../../../Engine/Content/ArtTools/RenderToTexture/Meshes/S_1_Unit_Plane.ubulk" 82
"../../../Engine/Content/ArtTools/RenderToTexture/Meshes/S_1_Unit_Plane.uasset" 83
"../../../Engine/Content/ArtTools/RenderToTexture/Meshes/S_1_Unit_Plane.uexp" 84
"../../../Engine/Content/EditorMaterials/ParticleSystems/PSysThumbnail_NoImage.ubulk" 85
"../../../Engine/Content/EditorMaterials/ParticleSystems/PSysThumbnail_NoImage.uasset" 86
"../../../Engine/Content/EditorMaterials/ParticleSystems/PSysThumbnail_NoImage.uexp" 87
"../../../Engine/Content/EditorMaterials/ParticleSystems/PSysThumbnail_OOD.ubulk" 88
"../../../Engine/Content/EditorMaterials/ParticleSystems/PSysThumbnail_OOD.uasset" 89
"../../../Engine/Content/EditorMaterials/ParticleSystems/PSysThumbnail_OOD.uexp" 90
"../../../Engine/Content/EditorLandscapeResources/SplineEditorMeshMat.uasset" 91
"../../../Engine/Content/EditorLandscapeResources/SplineEditorMeshMat.uexp" 92
"../../../Engine/Content/EditorLandscapeResources/SplineEditorMesh.ubulk" 93
"../../../Engine/Content/EditorLandscapeResources/SplineEditorMesh.uasset" 94
"../../../Engine/Content/EditorLandscapeResources/SplineEditorMesh.uexp" 95
"../../../Engine/Content/EditorResources/S_Solver.ubulk" 96
"../../../Engine/Content/EditorResources/S_Solver.uasset" 97
"../../../Engine/Content/EditorResources/S_Solver.uexp" 98
"../../../Engine/Plugins/Media/MediaPlate/Content/SM_MediaPlateScreen.ubulk" 99
"../../../Engine/Plugins/Media/MediaPlate/Content/SM_MediaPlateScreen.uasset" 100
"../../../Engine/Plugins/Media/MediaPlate/Content/SM_MediaPlateScreen.uexp" 101
"../../../Engine/Content/EngineMaterials/Good64x64TilingNoiseHighFreq.uasset" 102
"../../../Engine/Content/EngineMaterials/Good64x64TilingNoiseHighFreq.uexp" 103
"../../../Engine/Content/EngineMaterials/DefaultBokeh.uasset" 104
"../../../Engine/Content/EngineMaterials/DefaultBokeh.uexp" 105
"../../../Engine/Content/EngineMaterials/PreintegratedSkinBRDF.uasset" 106
"../../../Engine/Content/EngineMaterials/PreintegratedSkinBRDF.uexp" 107
"../../../Engine/Content/EngineMaterials/MiniFont.uasset" 108
"../../../Engine/Content/EngineMaterials/MiniFont.uexp" 109
"../../../Engine/Content/EngineMaterials/WeightMapPlaceholderTexture.uasset" 110
"../../../Engine/Content/EngineMaterials/WeightMapPlaceholderTexture.uexp" 111
"../../../Engine/Content/EngineMaterials/DefaultWhiteGrid.ubulk" 112
"../../../Engine/Content/EngineMaterials/DefaultWhiteGrid.uasset" 113
"../../../Engine/Content/EngineMaterials/DefaultWhiteGrid.uexp" 114
"../../../Engine/Content/BasicShapes/Plane.ubulk" 115
"../../../Engine/Content/BasicShapes/Plane.uasset" 116
"../../../Engine/Content/BasicShapes/Plane.uexp" 117
"../../../Engine/Content/EngineMaterials/DefaultMaterial.uasset" 118
"../../../Engine/Content/EngineMaterials/DefaultMaterial.uexp" 119
"../../../Engine/Content/BasicShapes/Cylinder.ubulk" 120
"../../../Engine/Content/BasicShapes/Cylinder.uasset" 121
"../../../Engine/Content/BasicShapes/Cylinder.uexp" 122
"../../../Engine/Content/BasicShapes/Cone.ubulk" 123
"../../../Engine/Content/BasicShapes/Cone.uasset" 124
"../../../Engine/Content/BasicShapes/Cone.uexp" 125
"../../../Engine/Content/EditorLandscapeResources/DefaultAlphaTexture.uasset" 126
"../../../Engine/Content/EditorLandscapeResources/DefaultAlphaTexture.uexp" 127
"../../../Engine/Content/EditorLandscapeResources/DataLayer.uasset" 128
"../../../Engine/Content/EditorLandscapeResources/DataLayer.uexp" 129
"../../../Engine/Content/EditorMaterials/PreviewShadowIndicator.ubulk" 130
"../../../Engine/Content/EditorMaterials/PreviewShadowIndicator.uasset" 131
"../../../Engine/Content/EditorMaterials/PreviewShadowIndicator.uexp" 132
"../../../Engine/Content/EditorMaterials/PreviewShadowIndicatorMaterial.uasset" 133
"../../../Engine/Content/EditorMaterials/PreviewShadowIndicatorMaterial.uexp" 134
"../../../Engine/Content/EditorMaterials/PhAT_UnselectedMaterial.uasset" 135
"../../../Engine/Content/EditorMaterials/PhAT_UnselectedMaterial.uexp" 136
"../../../Engine/Content/EditorMaterials/PhAT_NoCollisionMaterial.uasset" 137
"../../../Engine/Content/EditorMaterials/PhAT_NoCollisionMaterial.uexp" 138
"../../../Engine/Content/Functions/Engine_MaterialFunctions02/Utility/MakeFloat4.uasset" 139
"../../../Engine/Content/Functions/Engine_MaterialFunctions02/Utility/MakeFloat4.uexp" 140
"../../../Engine/Content/Functions/Engine_MaterialFunctions02/Utility/MakeFloat3.uasset" 141
"../../../Engine/Content/Functions/Engine_MaterialFunctions02/Utility/MakeFloat3.uexp" 142
"../../../Engine/Content/Functions/Engine_MaterialFunctions02/Utility/BreakOutFloat3Components.uasset" 143
"../../../Engine/Content/Functions/Engine_MaterialFunctions02/Utility/BreakOutFloat3Components.uexp" 144
"../../../Engine/Content/EditorMaterials/WorldPartition/WorldPartitionSpatialHashGridPreviewMaterial.uasset" 145
"../../../Engine/Content/EditorMaterials/WorldPartition/WorldPartitionSpatialHashGridPreviewMaterial.uexp" 146
"../../../Engine/Content/EditorResources/S_Terrain.ubulk" 147
"../../../Engine/Content/EditorResources/S_Terrain.uasset" 148
"../../../Engine/Content/EditorResources/S_Terrain.uexp" 149
"../../../Engine/Content/EditorResources/EmptyActor.uasset" 150
"../../../Engine/Content/EditorResources/EmptyActor.uexp" 151
"../../../Engine/Content/EditorResources/BSPVertex.uasset" 152
"../../../Engine/Content/EditorResources/BSPVertex.uexp" 153
"../../../Engine/Content/EditorResources/LightIcons/S_LightError.uasset" 154
"../../../Engine/Content/EditorResources/LightIcons/S_LightError.uexp" 155
"../../../Engine/Content/EditorResources/SequenceRecorder/RecordingIndicator.uasset" 156
"../../../Engine/Content/EditorResources/SequenceRecorder/RecordingIndicator.uexp" 157
"../../../Engine/Content/EditorResources/SequenceRecorder/Countdown.uasset" 158
"../../../Engine/Content/EditorResources/SequenceRecorder/Countdown.uexp" 159
"../../../Engine/Content/EngineDamageTypes/DmgTypeBP_Environmental.uasset" 160
"../../../Engine/Content/EngineDamageTypes/DmgTypeBP_Environmental.uexp" 161
"../../../Engine/Content/Functions/Engine_MaterialFunctions02/Utility/CameraDirectionVector.uasset" 162
"../../../Engine/Content/Functions/Engine_MaterialFunctions02/Utility/CameraDirectionVector.uexp" 163
"../../../Engine/Content/EngineDebugMaterials/VolumeToRender.uasset" 164
"../../../Engine/Content/EngineDebugMaterials/VolumeToRender.uexp" 165
"../../../Engine/Content/EngineDebugMaterials/M_VolumeRenderSphereTracePP.uasset" 166
"../../../Engine/Content/EngineDebugMaterials/M_VolumeRenderSphereTracePP.uexp" 167
"../../../Engine/Content/EngineDebugMaterials/M_SimpleUnlitTranslucent.uasset" 168
"../../../Engine/Content/EngineDebugMaterials/M_SimpleUnlitTranslucent.uexp" 169
"../../../Engine/Content/EngineDebugMaterials/DebugMeshMaterial.uasset" 170
"../../../Engine/Content/EngineDebugMaterials/DebugMeshMaterial.uexp" 171
"../../../Engine/Content/EngineDebugMaterials/DebugEditorMaterial.uasset" 172
"../../../Engine/Content/EngineDebugMaterials/DebugEditorMaterial.uexp" 173
"../../../Engine/Content/EngineFonts/Faces/RobotoLight.uexp" 174
"../../../Engine/Content/EngineFonts/Faces/RobotoLight.uasset" 175
"../../../Engine/Content/EngineFonts/Faces/RobotoLight.ufont" 176
"../../../Engine/Content/EngineFonts/Faces/RobotoBold.uexp" 177
"../../../Engine/Content/EngineFonts/Faces/RobotoBold.uasset" 178
"../../../Engine/Content/EngineFonts/Faces/RobotoBold.ufont" 179
"../../../Engine/Content/EngineFonts/Faces/RobotoRegular.uexp" 180
"../../../Engine/Content/EngineFonts/Faces/RobotoRegular.uasset" 181
"../../../Engine/Content/EngineFonts/Faces/RobotoRegular.ufont" 182
"../../../Engine/Content/EngineFonts/Faces/DroidSansFallback.uexp" 183
"../../../Engine/Content/EngineFonts/Faces/DroidSansFallback.uasset" 184
"../../../Engine/Content/EngineFonts/Faces/DroidSansFallback.ufont" 185
"../../../Engine/Content/EngineFonts/Faces/RobotoItalic.uexp" 186
"../../../Engine/Content/EngineFonts/Faces/RobotoItalic.uasset" 187
"../../../Engine/Content/EngineFonts/Faces/RobotoItalic.ufont" 188
"../../../Engine/Content/EngineFonts/Faces/RobotoBoldItalic.uexp" 189
"../../../Engine/Content/EngineFonts/Faces/RobotoBoldItalic.uasset" 190
"../../../Engine/Content/EngineFonts/Faces/RobotoBoldItalic.ufont" 191
"../../../Engine/Content/EngineFonts/Roboto.uasset" 192
"../../../Engine/Content/EngineFonts/Roboto.uexp" 193
"../../../Engine/Content/EngineResources/WhiteSquareTexture.uasset" 194
"../../../Engine/Content/EngineResources/WhiteSquareTexture.uexp" 195
"../../../Engine/Content/EngineMaterials/Widget3DPassThrough.uasset" 196
"../../../Engine/Content/EngineMaterials/Widget3DPassThrough.uexp" 197
"../../../Engine/Content/EngineMaterials/Widget3DPassThrough_Translucent.uasset" 198
"../../../Engine/Content/EngineMaterials/Widget3DPassThrough_Translucent.uexp" 199
"../../../Engine/Content/EngineMaterials/Widget3DPassThrough_Translucent_OneSided.uasset" 200
"../../../Engine/Content/EngineMaterials/Widget3DPassThrough_Translucent_OneSided.uexp" 201
"../../../Engine/Content/EngineMaterials/Widget3DPassThrough_Opaque.uasset" 202
"../../../Engine/Content/EngineMaterials/Widget3DPassThrough_Opaque.uexp" 203
"../../../Engine/Content/EngineMaterials/Widget3DPassThrough_Opaque_OneSided.uasset" 204
"../../../Engine/Content/EngineMaterials/Widget3DPassThrough_Opaque_OneSided.uexp" 205
"../../../Engine/Content/EngineMaterials/Widget3DPassThrough_Masked_OneSided.uasset" 206
"../../../Engine/Content/EngineMaterials/Widget3DPassThrough_Masked_OneSided.uexp" 207
"../../../Engine/Content/EngineMaterials/Widget3DPassThrough_Masked.uasset" 208
"../../../Engine/Content/EngineMaterials/Widget3DPassThrough_Masked.uexp" 209
"../../../Engine/Content/EngineMaterials/STBlueNoise_vec2_128x128x64.uasset" 210
"../../../Engine/Content/EngineMaterials/STBlueNoise_vec2_128x128x64.uexp" 211
"../../../Engine/Content/EngineMaterials/STBlueNoise_scalar_128x128x64.uasset" 212
"../../../Engine/Content/EngineMaterials/STBlueNoise_scalar_128x128x64.uexp" 213
"../../../Engine/Content/EngineMaterials/RemoveSurfaceMaterial.uasset" 214
"../../../Engine/Content/EngineMaterials/RemoveSurfaceMaterial.uexp" 215
"../../../Engine/Content/EngineMaterials/DefaultCalibrationGrayscale.uasset" 216
"../../../Engine/Content/EngineMaterials/DefaultCalibrationGrayscale.uexp" 217
"../../../Engine/Content/EngineMaterials/PPM_DefaultCalibrationGrayscale.uasset" 218
"../../../Engine/Content/EngineMaterials/PPM_DefaultCalibrationGrayscale.uexp" 219
"../../../Engine/Content/EngineMaterials/DefaultCalibrationColor.uasset" 220
"../../../Engine/Content/EngineMaterials/DefaultCalibrationColor.uexp" 221
"../../../Engine/Content/EngineMaterials/PPM_DefaultCalibrationColor.uasset" 222
"../../../Engine/Content/EngineMaterials/PPM_DefaultCalibrationColor.uexp" 223
"../../../Engine/Content/Functions/Engine_MaterialFunctions02/WorldPositionOffset/CameraOffset.uasset" 224
"../../../Engine/Content/Functions/Engine_MaterialFunctions02/WorldPositionOffset/CameraOffset.uexp" 225
"../../../Engine/Content/EngineMaterials/PhAT_JointLimitMaterial.uasset" 226
"../../../Engine/Content/EngineMaterials/PhAT_JointLimitMaterial.uexp" 227
"../../../Engine/Content/EngineMaterials/InvalidLightmapSettings.ubulk" 228
"../../../Engine/Content/EngineMaterials/InvalidLightmapSettings.uasset" 229
"../../../Engine/Content/EngineMaterials/InvalidLightmapSettings.uexp" 230
"../../../Engine/Content/EngineMaterials/M_InvalidLightmapSettings.uasset" 231
"../../../Engine/Content/EngineMaterials/M_InvalidLightmapSettings.uexp" 232
"../../../Engine/Content/EngineMaterials/GizmoMaterial.uasset" 233
"../../../Engine/Content/EngineMaterials/GizmoMaterial.uexp" 234
"../../../Engine/Content/EngineMaterials/BaseFlattenEmissiveMap_VT.uasset" 235
"../../../Engine/Content/EngineMaterials/BaseFlattenEmissiveMap_VT.uexp" 236
"../../../Engine/Content/EngineMaterials/BaseFlattenGrayscaleMap_VT.uasset" 237
"../../../Engine/Content/EngineMaterials/BaseFlattenGrayscaleMap_VT.uexp" 238
"../../../Engine/Content/EngineMaterials/BaseFlattenLinearColor_VT.uasset" 239
"../../../Engine/Content/EngineMaterials/BaseFlattenLinearColor_VT.uexp" 240
"../../../Engine/Content/EngineMaterials/Black_1x1_EXR_Texture_VT.uasset" 241
"../../../Engine/Content/EngineMaterials/Black_1x1_EXR_Texture_VT.uexp" 242
"../../../Engine/Content/EngineMaterials/BaseFlattenDiffuseMap_VT.uasset" 243
"../../../Engine/Content/EngineMaterials/BaseFlattenDiffuseMap_VT.uexp" 244
"../../../Engine/Content/EngineMaterials/BaseFlattenNormalMap_VT.uasset" 245
"../../../Engine/Content/EngineMaterials/BaseFlattenNormalMap_VT.uexp" 246
"../../../Engine/Content/EngineMaterials/FlattenMaterial_WS_Normal_VT.uasset" 247
"../../../Engine/Content/EngineMaterials/FlattenMaterial_WS_Normal_VT.uexp" 248
"../../../Engine/Content/EngineMaterials/FlattenMaterial_VT.uasset" 249
"../../../Engine/Content/EngineMaterials/FlattenMaterial_VT.uexp" 250
"../../../Engine/Content/EngineMaterials/BaseFlattenNormalMap.uasset" 251
"../../../Engine/Content/EngineMaterials/BaseFlattenNormalMap.uexp" 252
"../../../Engine/Content/EngineMaterials/BaseFlattenGrayscaleMap.uasset" 253
"../../../Engine/Content/EngineMaterials/BaseFlattenGrayscaleMap.uexp" 254
"../../../Engine/Content/EngineMaterials/BaseFlattenDiffuseMap.uasset" 255
"../../../Engine/Content/EngineMaterials/BaseFlattenDiffuseMap.uexp" 256
"../../../Engine/Content/Functions/Engine_MaterialFunctions02/PivotPainter2/Black_1x1_EXR_Texture.uasset" 257
"../../../Engine/Content/Functions/Engine_MaterialFunctions02/PivotPainter2/Black_1x1_EXR_Texture.uexp" 258
"../../../Engine/Content/EngineMaterials/BaseFlattenEmissiveMap.uasset" 259
"../../../Engine/Content/EngineMaterials/BaseFlattenEmissiveMap.uexp" 260
"../../../Engine/Content/EngineMaterials/BaseFlattenLinearColor.uasset" 261
"../../../Engine/Content/EngineMaterials/BaseFlattenLinearColor.uexp" 262
"../../../Engine/Content/EngineMaterials/FlattenMaterial.uasset" 263
"../../../Engine/Content/EngineMaterials/FlattenMaterial.uexp" 264
"../../../Engine/Content/EngineMaterials/DefaultWhiteGrid_Low.uasset" 265
"../../../Engine/Content/EngineMaterials/DefaultWhiteGrid_Low.uexp" 266
"../../../Engine/Content/EngineMaterials/EmissiveMeshMaterial.uasset" 267
"../../../Engine/Content/EngineMaterials/EmissiveMeshMaterial.uexp" 268
"../../../Engine/Content/EngineFonts/RobotoDistanceField.uasset" 269
"../../../Engine/Content/EngineFonts/RobotoDistanceField.uexp" 270
"../../../Engine/Content/EngineMaterials/DefaultTextMaterialOpaque.uasset" 271
"../../../Engine/Content/EngineMaterials/DefaultTextMaterialOpaque.uexp" 272
"../../../Engine/Content/EngineMaterials/DefaultDiffuse.ubulk" 273
"../../../Engine/Content/EngineMaterials/DefaultDiffuse.uasset" 274
"../../../Engine/Content/EngineMaterials/DefaultDiffuse.uexp" 275
"../../../Engine/Content/Functions/Engine_MaterialFunctions02/Utility/BreakOutFloat2Components.uasset" 276
"../../../Engine/Content/Functions/Engine_MaterialFunctions02/Utility/BreakOutFloat2Components.uexp" 277
"../../../Engine/Content/EngineMaterials/DefaultPostProcessMaterial.uasset" 278
"../../../Engine/Content/EngineMaterials/DefaultPostProcessMaterial.uexp" 279
"../../../Engine/Content/EngineMaterials/DefaultPhysicalMaterial.uasset" 280
"../../../Engine/Content/EngineMaterials/DefaultPhysicalMaterial.uexp" 281
"../../../Engine/Content/EngineMaterials/DefaultLightFunctionMaterial.uasset" 282
"../../../Engine/Content/EngineMaterials/DefaultLightFunctionMaterial.uexp" 283
"../../../Engine/Content/EngineMaterials/DefaultDestructiblePhysicalMaterial.uasset" 284
"../../../Engine/Content/EngineMaterials/DefaultDestructiblePhysicalMaterial.uexp" 285
"../../../Engine/Content/EngineMaterials/DefaultDeferredDecalMaterial.uasset" 286
"../../../Engine/Content/EngineMaterials/DefaultDeferredDecalMaterial.uexp" 287
"../../../Engine/Content/EngineMaterials/DefaultBloomKernel.uasset" 288
"../../../Engine/Content/EngineMaterials/DefaultBloomKernel.uexp" 289
"../../../Engine/Content/EngineResources/FilmGrains/Marcie_Grain_v3_128_M2_000.uasset" 290
"../../../Engine/Content/EngineResources/FilmGrains/Marcie_Grain_v3_128_M2_000.uexp" 291
"../../../Engine/Content/EngineSky/VolumetricClouds/CloudWeatherTexture.uasset" 292
"../../../Engine/Content/EngineSky/VolumetricClouds/CloudWeatherTexture.uexp" 293
"../../../Engine/Content/Functions/Engine_MaterialFunctions02/Utility/MakeFloat2.uasset" 294
"../../../Engine/Content/Functions/Engine_MaterialFunctions02/Utility/MakeFloat2.uexp" 295
"../../../Engine/Content/EngineSky/VolumetricClouds/CloudGradientTexture.uasset" 296
"../../../Engine/Content/EngineSky/VolumetricClouds/CloudGradientTexture.uexp" 297
"../../../Engine/Content/EngineSky/VolumetricClouds/T_NoiseShape64.ubulk" 298
"../../../Engine/Content/EngineSky/VolumetricClouds/T_NoiseShape64.uasset" 299
"../../../Engine/Content/EngineSky/VolumetricClouds/T_NoiseShape64.uexp" 300
"../../../Engine/Content/EngineSky/VolumetricClouds/T_VolumeNoiseShape64.uasset" 301
"../../../Engine/Content/EngineSky/VolumetricClouds/T_VolumeNoiseShape64.uexp" 302
"../../../Engine/Content/EngineSky/VolumetricClouds/T_NoiseErosion.ubulk" 303
"../../../Engine/Content/EngineSky/VolumetricClouds/T_NoiseErosion.uasset" 304
"../../../Engine/Content/EngineSky/VolumetricClouds/T_NoiseErosion.uexp" 305
"../../../Engine/Content/EngineSky/VolumetricClouds/T_VolumeNoiseErosion32.uasset" 306
"../../../Engine/Content/EngineSky/VolumetricClouds/T_VolumeNoiseErosion32.uexp" 307
"../../../Engine/Content/EngineSky/VolumetricClouds/m_SimpleVolumetricCloud.uasset" 308
"../../../Engine/Content/EngineSky/VolumetricClouds/m_SimpleVolumetricCloud.uexp" 309
"../../../Engine/Content/EngineSky/VolumetricClouds/m_SimpleVolumetricCloud_Inst.uasset" 310
"../../../Engine/Content/EngineSky/VolumetricClouds/m_SimpleVolumetricCloud_Inst.uexp" 311
"../../../Engine/Content/EngineSounds/Master.uasset" 312
"../../../Engine/Content/EngineSounds/Master.uexp" 313
"../../../Engine/Content/Functions/Engine_MaterialFunctions01/Shading/PowerToRoughness.uasset" 314
"../../../Engine/Content/Functions/Engine_MaterialFunctions01/Shading/PowerToRoughness.uexp" 315
"../../../Engine/Content/MobileResources/HUD/VirtualJoystick_Background.uasset" 316
"../../../Engine/Content/MobileResources/HUD/VirtualJoystick_Background.uexp" 317
"../../../Engine/Content/MobileResources/HUD/VirtualJoystick_Thumb.uasset" 318
"../../../Engine/Content/MobileResources/HUD/VirtualJoystick_Thumb.uexp" 319
"../../../Engine/Content/MobileResources/HUD/DefaultVirtualJoysticks.uasset" 320
"../../../Engine/Content/MobileResources/HUD/DefaultVirtualJoysticks.uexp" 321
"../../../Engine/Plugins/2D/Paper2D/Content/PlaceholderTextures/DummySpriteTexture.ubulk" 322
"../../../Engine/Plugins/2D/Paper2D/Content/PlaceholderTextures/DummySpriteTexture.uasset" 323
"../../../Engine/Plugins/2D/Paper2D/Content/PlaceholderTextures/DummySpriteTexture.uexp" 324
"../../../Engine/Plugins/2D/Paper2D/Content/DefaultSpriteMaterial.uasset" 325
"../../../Engine/Plugins/2D/Paper2D/Content/DefaultSpriteMaterial.uexp" 326
"../../../Engine/Plugins/2D/Paper2D/Content/OpaqueUnlitSpriteMaterial.uasset" 327
"../../../Engine/Plugins/2D/Paper2D/Content/OpaqueUnlitSpriteMaterial.uexp" 328
"../../../Engine/Plugins/2D/Paper2D/Content/MaskedUnlitSpriteMaterial.uasset" 329
"../../../Engine/Plugins/2D/Paper2D/Content/MaskedUnlitSpriteMaterial.uexp" 330
"../../../Engine/Plugins/2D/Paper2D/Content/DummySprite.uasset" 331
"../../../Engine/Plugins/2D/Paper2D/Content/DummySprite.uexp" 332
"../../../Engine/Plugins/2D/Paper2D/Content/DefaultPaperTerrainMaterial.uasset" 333
"../../../Engine/Plugins/2D/Paper2D/Content/DefaultPaperTerrainMaterial.uexp" 334
"../../../Engine/Plugins/Animation/ControlRig/Content/M_Manip.uasset" 335
"../../../Engine/Plugins/Animation/ControlRig/Content/M_Manip.uexp" 336
"../../../Engine/Plugins/Animation/ControlRig/Content/Controls/DefaultGizmoLibraryNormalized.uasset" 337
"../../../Engine/Plugins/Animation/ControlRig/Content/Controls/DefaultGizmoLibraryNormalized.uexp" 338
"../../../Engine/Plugins/Animation/ControlRig/Content/Controls/ControlRig_Wedge_solid.ubulk" 339
"../../../Engine/Plugins/Animation/ControlRig/Content/Controls/ControlRig_Wedge_solid.uasset" 340
"../../../Engine/Plugins/Animation/ControlRig/Content/Controls/ControlRig_Wedge_solid.uexp" 341
"../../../Engine/Plugins/Animation/ControlRig/Content/Controls/ControlRig_Wedge_3mm.ubulk" 342
"../../../Engine/Plugins/Animation/ControlRig/Content/Controls/ControlRig_Wedge_3mm.uasset" 343
"../../../Engine/Plugins/Animation/ControlRig/Content/Controls/ControlRig_Wedge_3mm.uexp" 344
"../../../Engine/Plugins/Animation/ControlRig/Content/Controls/ControlRig_Wedge_1mm.ubulk" 345
"../../../Engine/Plugins/Animation/ControlRig/Content/Controls/ControlRig_Wedge_1mm.uasset" 346
"../../../Engine/Plugins/Animation/ControlRig/Content/Controls/ControlRig_Wedge_1mm.uexp" 347
"../../../Engine/Plugins/Animation/ControlRig/Content/Controls/ControlRig_Triangle_solid.ubulk" 348
"../../../Engine/Plugins/Animation/ControlRig/Content/Controls/ControlRig_Triangle_solid.uasset" 349
"../../../Engine/Plugins/Animation/ControlRig/Content/Controls/ControlRig_Triangle_solid.uexp" 350
"../../../Engine/Plugins/Animation/ControlRig/Content/Controls/ControlRig_Triangle_3mm.ubulk" 351
"../../../Engine/Plugins/Animation/ControlRig/Content/Controls/ControlRig_Triangle_3mm.uasset" 352
"../../../Engine/Plugins/Animation/ControlRig/Content/Controls/ControlRig_Triangle_3mm.uexp" 353
"../../../Engine/Plugins/Animation/ControlRig/Content/Controls/ControlRig_Triangle_1mm.ubulk" 354
"../../../Engine/Plugins/Animation/ControlRig/Content/Controls/ControlRig_Triangle_1mm.uasset" 355
"../../../Engine/Plugins/Animation/ControlRig/Content/Controls/ControlRig_Triangle_1mm.uexp" 356
"../../../Engine/Plugins/Animation/ControlRig/Content/Controls/ControlRig_Star4_solid.ubulk" 357
"../../../Engine/Plugins/Animation/ControlRig/Content/Controls/ControlRig_Star4_solid.uasset" 358
"../../../Engine/Plugins/Animation/ControlRig/Content/Controls/ControlRig_Star4_solid.uexp" 359
"../../../Engine/Plugins/Animation/ControlRig/Content/Controls/ControlRig_Star4_3mm.ubulk" 360
"../../../Engine/Plugins/Animation/ControlRig/Content/Controls/ControlRig_Star4_3mm.uasset" 361
"../../../Engine/Plugins/Animation/ControlRig/Content/Controls/ControlRig_Star4_3mm.uexp" 362
"../../../Engine/Plugins/Animation/ControlRig/Content/Controls/ControlRig_Star4_1mm.ubulk" 363
"../../../Engine/Plugins/Animation/ControlRig/Content/Controls/ControlRig_Star4_1mm.uasset" 364
"../../../Engine/Plugins/Animation/ControlRig/Content/Controls/ControlRig_Star4_1mm.uexp" 365
"../../../Engine/Plugins/Animation/ControlRig/Content/Controls/ControlRig_Square_solid.ubulk" 366
"../../../Engine/Plugins/Animation/ControlRig/Content/Controls/ControlRig_Square_solid.uasset" 367
"../../../Engine/Plugins/Animation/ControlRig/Content/Controls/ControlRig_Square_solid.uexp" 368
"../../../Engine/Plugins/Animation/ControlRig/Content/Controls/ControlRig_Square_3mm.ubulk" 369
"../../../Engine/Plugins/Animation/ControlRig/Content/Controls/ControlRig_Square_3mm.uasset" 370
"../../../Engine/Plugins/Animation/ControlRig/Content/Controls/ControlRig_Square_3mm.uexp" 371
"../../../Engine/Plugins/Animation/ControlRig/Content/Controls/ControlRig_Square_1mm.ubulk" 372
"../../../Engine/Plugins/Animation/ControlRig/Content/Controls/ControlRig_Square_1mm.uasset" 373
"../../../Engine/Plugins/Animation/ControlRig/Content/Controls/ControlRig_Square_1mm.uexp" 374
"../../../Engine/Plugins/Animation/ControlRig/Content/Controls/ControlRig_Sphere_solid.ubulk" 375
"../../../Engine/Plugins/Animation/ControlRig/Content/Controls/ControlRig_Sphere_solid.uasset" 376
"../../../Engine/Plugins/Animation/ControlRig/Content/Controls/ControlRig_Sphere_solid.uexp" 377
"../../../Engine/Plugins/Animation/ControlRig/Content/Controls/ControlRig_Sphere_3mm.ubulk" 378
"../../../Engine/Plugins/Animation/ControlRig/Content/Controls/ControlRig_Sphere_3mm.uasset" 379
"../../../Engine/Plugins/Animation/ControlRig/Content/Controls/ControlRig_Sphere_3mm.uexp" 380
"../../../Engine/Plugins/Animation/ControlRig/Content/Controls/ControlRig_Sphere_1mm.ubulk" 381
"../../../Engine/Plugins/Animation/ControlRig/Content/Controls/ControlRig_Sphere_1mm.uasset" 382
"../../../Engine/Plugins/Animation/ControlRig/Content/Controls/ControlRig_Sphere_1mm.uexp" 383
"../../../Engine/Plugins/Animation/ControlRig/Content/Controls/ControlRig_RoundedTriangle_solid.ubulk" 384
"../../../Engine/Plugins/Animation/ControlRig/Content/Controls/ControlRig_RoundedTriangle_solid.uasset" 385
"../../../Engine/Plugins/Animation/ControlRig/Content/Controls/ControlRig_RoundedTriangle_solid.uexp" 386
"../../../Engine/Plugins/Animation/ControlRig/Content/Controls/ControlRig_RoundedTriangle_3mm.ubulk" 387
"../../../Engine/Plugins/Animation/ControlRig/Content/Controls/ControlRig_RoundedTriangle_3mm.uasset" 388
"../../../Engine/Plugins/Animation/ControlRig/Content/Controls/ControlRig_RoundedTriangle_3mm.uexp" 389
"../../../Engine/Plugins/Animation/ControlRig/Content/Controls/ControlRig_RoundedTriangle_1mm.ubulk" 390
"../../../Engine/Plugins/Animation/ControlRig/Content/Controls/ControlRig_RoundedTriangle_1mm.uasset" 391
"../../../Engine/Plugins/Animation/ControlRig/Content/Controls/ControlRig_RoundedTriangle_1mm.uexp" 392
"../../../Engine/Plugins/Animation/ControlRig/Content/Controls/ControlRig_RoundedSquare_solid.ubulk" 393
"../../../Engine/Plugins/Animation/ControlRig/Content/Controls/ControlRig_RoundedSquare_solid.uasset" 394
"../../../Engine/Plugins/Animation/ControlRig/Content/Controls/ControlRig_RoundedSquare_solid.uexp" 395
"../../../Engine/Plugins/Animation/ControlRig/Content/Controls/ControlRig_RoundedSquare_3mm.ubulk" 396
"../../../Engine/Plugins/Animation/ControlRig/Content/Controls/ControlRig_RoundedSquare_3mm.uasset" 397
"../../../Engine/Plugins/Animation/ControlRig/Content/Controls/ControlRig_RoundedSquare_3mm.uexp" 398
"../../../Engine/Plugins/Animation/ControlRig/Content/Controls/ControlRig_RoundedSquare_1mm.ubulk" 399
"../../../Engine/Plugins/Animation/ControlRig/Content/Controls/ControlRig_RoundedSquare_1mm.uasset" 400
"../../../Engine/Plugins/Animation/ControlRig/Content/Controls/ControlRig_RoundedSquare_1mm.uexp" 401
"../../../Engine/Plugins/Animation/ControlRig/Content/Controls/ControlRig_QuarterCircle_solid.ubulk" 402
"../../../Engine/Plugins/Animation/ControlRig/Content/Controls/ControlRig_QuarterCircle_solid.uasset" 403
"../../../Engine/Plugins/Animation/ControlRig/Content/Controls/ControlRig_QuarterCircle_solid.uexp" 404
"../../../Engine/Plugins/Animation/ControlRig/Content/Controls/ControlRig_QuarterCircle_3mm.ubulk" 405
"../../../Engine/Plugins/Animation/ControlRig/Content/Controls/ControlRig_QuarterCircle_3mm.uasset" 406
"../../../Engine/Plugins/Animation/ControlRig/Content/Controls/ControlRig_QuarterCircle_3mm.uexp" 407
"../../../Engine/Plugins/Animation/ControlRig/Content/Controls/ControlRig_QuarterCircle_1mm.ubulk" 408
"../../../Engine/Plugins/Animation/ControlRig/Content/Controls/ControlRig_QuarterCircle_1mm.uasset" 409
"../../../Engine/Plugins/Animation/ControlRig/Content/Controls/ControlRig_QuarterCircle_1mm.uexp" 410
"../../../Engine/Plugins/Animation/ControlRig/Content/Controls/ControlRig_Pyramid_solid.ubulk" 411
"../../../Engine/Plugins/Animation/ControlRig/Content/Controls/ControlRig_Pyramid_solid.uasset" 412
"../../../Engine/Plugins/Animation/ControlRig/Content/Controls/ControlRig_Pyramid_solid.uexp" 413
"../../../Engine/Plugins/Animation/ControlRig/Content/Controls/ControlRig_Pyramid_3mm.ubulk" 414
"../../../Engine/Plugins/Animation/ControlRig/Content/Controls/ControlRig_Pyramid_3mm.uasset" 415
"../../../Engine/Plugins/Animation/ControlRig/Content/Controls/ControlRig_Pyramid_3mm.uexp" 416
"../../../Engine/Plugins/Animation/ControlRig/Content/Controls/ControlRig_Pyramid_1mm.ubulk" 417
"../../../Engine/Plugins/Animation/ControlRig/Content/Controls/ControlRig_Pyramid_1mm.uasset" 418
"../../../Engine/Plugins/Animation/ControlRig/Content/Controls/ControlRig_Pyramid_1mm.uexp" 419
"../../../Engine/Plugins/Animation/ControlRig/Content/Controls/ControlRig_Octagon_solid.ubulk" 420
"../../../Engine/Plugins/Animation/ControlRig/Content/Controls/ControlRig_Octagon_solid.uasset" 421
"../../../Engine/Plugins/Animation/ControlRig/Content/Controls/ControlRig_Octagon_solid.uexp" 422
"../../../Engine/Plugins/Animation/ControlRig/Content/Controls/ControlRig_Octagon_3mm.ubulk" 423
"../../../Engine/Plugins/Animation/ControlRig/Content/Controls/ControlRig_Octagon_3mm.uasset" 424
"../../../Engine/Plugins/Animation/ControlRig/Content/Controls/ControlRig_Octagon_3mm.uexp" 425
"../../../Engine/Plugins/Animation/ControlRig/Content/Controls/ControlRig_Octagon_1mm.ubulk" 426
"../../../Engine/Plugins/Animation/ControlRig/Content/Controls/ControlRig_Octagon_1mm.uasset" 427
"../../../Engine/Plugins/Animation/ControlRig/Content/Controls/ControlRig_Octagon_1mm.uexp" 428
"../../../Engine/Plugins/Animation/ControlRig/Content/Controls/ControlRig_Hexagon_solid.ubulk" 429
"../../../Engine/Plugins/Animation/ControlRig/Content/Controls/ControlRig_Hexagon_solid.uasset" 430
"../../../Engine/Plugins/Animation/ControlRig/Content/Controls/ControlRig_Hexagon_solid.uexp" 431
"../../../Engine/Plugins/Animation/ControlRig/Content/Controls/ControlRig_Hexagon_3mm.ubulk" 432
"../../../Engine/Plugins/Animation/ControlRig/Content/Controls/ControlRig_Hexagon_3mm.uasset" 433
"../../../Engine/Plugins/Animation/ControlRig/Content/Controls/ControlRig_Hexagon_3mm.uexp" 434
"../../../Engine/Plugins/Animation/ControlRig/Content/Controls/ControlRig_Hexagon_1mm.ubulk" 435
"../../../Engine/Plugins/Animation/ControlRig/Content/Controls/ControlRig_Hexagon_1mm.uasset" 436
"../../../Engine/Plugins/Animation/ControlRig/Content/Controls/ControlRig_Hexagon_1mm.uexp" 437
"../../../Engine/Plugins/Animation/ControlRig/Content/Controls/ControlRig_HalfCircle_solid.ubulk" 438
"../../../Engine/Plugins/Animation/ControlRig/Content/Controls/ControlRig_HalfCircle_solid.uasset" 439
"../../../Engine/Plugins/Animation/ControlRig/Content/Controls/ControlRig_HalfCircle_solid.uexp" 440
"../../../Engine/Plugins/Animation/ControlRig/Content/Controls/ControlRig_HalfCircle_3mm.ubulk" 441
"../../../Engine/Plugins/Animation/ControlRig/Content/Controls/ControlRig_HalfCircle_3mm.uasset" 442
"../../../Engine/Plugins/Animation/ControlRig/Content/Controls/ControlRig_HalfCircle_3mm.uexp" 443
"../../../Engine/Plugins/Animation/ControlRig/Content/Controls/ControlRig_HalfCircle_1mm.ubulk" 444
"../../../Engine/Plugins/Animation/ControlRig/Content/Controls/ControlRig_HalfCircle_1mm.uasset" 445
"../../../Engine/Plugins/Animation/ControlRig/Content/Controls/ControlRig_HalfCircle_1mm.uexp" 446
"../../../Engine/Plugins/Editor/SpeedTreeImporter/Content/SpeedTree9/game_wind_noise.ubulk" 447
"../../../Engine/Plugins/Editor/SpeedTreeImporter/Content/SpeedTree9/game_wind_noise.uasset" 448
"../../../Engine/Plugins/Editor/SpeedTreeImporter/Content/SpeedTree9/game_wind_noise.uexp" 449
"../../../Engine/Plugins/Editor/SpeedTreeImporter/Content/SpeedTree9/UnpackDirection.uasset" 450
"../../../Engine/Plugins/Editor/SpeedTreeImporter/Content/SpeedTree9/UnpackDirection.uexp" 451
"../../../Engine/Content/Functions/Engine_MaterialFunctions02/ObjectLocalBounds.uasset" 452
"../../../Engine/Content/Functions/Engine_MaterialFunctions02/ObjectLocalBounds.uexp" 453
"../../../Engine/Content/Functions/Engine_MaterialFunctions02/UVs/BoundingBoxBased_0-1_UVW.uasset" 454
"../../../Engine/Content/Functions/Engine_MaterialFunctions02/UVs/BoundingBoxBased_0-1_UVW.uexp" 455
"../../../Engine/Content/Functions/Engine_MaterialFunctions02/Utility/VectorLength.uasset" 456
"../../../Engine/Content/Functions/Engine_MaterialFunctions02/Utility/VectorLength.uexp" 457
"../../../Engine/Plugins/Editor/SpeedTreeImporter/Content/SpeedTree9/UnpackInteger3.uasset" 458
"../../../Engine/Plugins/Editor/SpeedTreeImporter/Content/SpeedTree9/UnpackInteger3.uexp" 459
"../../../Engine/Plugins/Editor/SpeedTreeImporter/Content/SpeedTree9/SpeedTreeCameraFacing.uasset" 460
"../../../Engine/Plugins/Editor/SpeedTreeImporter/Content/SpeedTree9/SpeedTreeCameraFacing.uexp" 461
"../../../Engine/Content/Functions/Engine_MaterialFunctions02/WorldPositionOffset/ObjectScale.uasset" 462
"../../../Engine/Content/Functions/Engine_MaterialFunctions02/WorldPositionOffset/ObjectScale.uexp" 463
"../../../Engine/Content/Functions/Engine_MaterialFunctions02/SafeNormalize.uasset" 464
"../../../Engine/Content/Functions/Engine_MaterialFunctions02/SafeNormalize.uexp" 465
"../../../Engine/Plugins/Editor/SpeedTreeImporter/Content/SpeedTree9/SpeedTreeWindMotion.uasset" 466
"../../../Engine/Plugins/Editor/SpeedTreeImporter/Content/SpeedTree9/SpeedTreeWindMotion.uexp" 467
"../../../Engine/Plugins/Editor/SpeedTreeImporter/Content/SpeedTree9/SpeedTreeBranchMotion.uasset" 468
"../../../Engine/Plugins/Editor/SpeedTreeImporter/Content/SpeedTree9/SpeedTreeBranchMotion.uexp" 469
"../../../Engine/Plugins/Editor/SpeedTreeImporter/Content/SpeedTree9/SpeedTreeWind.uasset" 470
"../../../Engine/Plugins/Editor/SpeedTreeImporter/Content/SpeedTree9/SpeedTreeWind.uexp" 471
"../../../Engine/Plugins/Editor/SpeedTreeImporter/Content/SpeedTree9/EmptyNormal.uasset" 472
"../../../Engine/Plugins/Editor/SpeedTreeImporter/Content/SpeedTree9/EmptyNormal.uexp" 473
"../../../Engine/Plugins/Editor/SpeedTreeImporter/Content/SpeedTree9/Empty.uasset" 474
"../../../Engine/Plugins/Editor/SpeedTreeImporter/Content/SpeedTree9/Empty.uexp" 475
"../../../Engine/Plugins/Editor/SpeedTreeImporter/Content/SpeedTree9/SpeedTreeMaster.uasset" 476
"../../../Engine/Plugins/Editor/SpeedTreeImporter/Content/SpeedTree9/SpeedTreeMaster.uexp" 477
"../../../Engine/Plugins/Editor/SpeedTreeImporter/Content/SpeedTree9/SpeedTreeBillboard.uasset" 478
"../../../Engine/Plugins/Editor/SpeedTreeImporter/Content/SpeedTree9/SpeedTreeBillboard.uexp" 479
"../../../Engine/Plugins/Editor/SpeedTreeImporter/Content/SpeedTree9/SpeedTreeBillboardMaster.uasset" 480
"../../../Engine/Plugins/Editor/SpeedTreeImporter/Content/SpeedTree9/SpeedTreeBillboardMaster.uexp" 481
"../../../Engine/Plugins/Animation/ControlRig/Content/Controls/ControlRig_Diamond_solid.ubulk" 482
"../../../Engine/Plugins/Animation/ControlRig/Content/Controls/ControlRig_Diamond_solid.uasset" 483
"../../../Engine/Plugins/Animation/ControlRig/Content/Controls/ControlRig_Diamond_solid.uexp" 484
"../../../Engine/Plugins/Animation/ControlRig/Content/Controls/ControlRig_Diamond_3mm.ubulk" 485
"../../../Engine/Plugins/Animation/ControlRig/Content/Controls/ControlRig_Diamond_3mm.uasset" 486
"../../../Engine/Plugins/Animation/ControlRig/Content/Controls/ControlRig_Diamond_3mm.uexp" 487
"../../../Engine/Plugins/Animation/ControlRig/Content/Controls/ControlRig_Diamond_1mm.ubulk" 488
"../../../Engine/Plugins/Animation/ControlRig/Content/Controls/ControlRig_Diamond_1mm.uasset" 489
"../../../Engine/Plugins/Animation/ControlRig/Content/Controls/ControlRig_Diamond_1mm.uexp" 490
"../../../Engine/Plugins/Animation/ControlRig/Content/Controls/ControlRig_Circle_solid.ubulk" 491
"../../../Engine/Plugins/Animation/ControlRig/Content/Controls/ControlRig_Circle_solid.uasset" 492
"../../../Engine/Plugins/Animation/ControlRig/Content/Controls/ControlRig_Circle_solid.uexp" 493
"../../../Engine/Plugins/Animation/ControlRig/Content/Controls/ControlRig_Circle_3mm.ubulk" 494
"../../../Engine/Plugins/Animation/ControlRig/Content/Controls/ControlRig_Circle_3mm.uasset" 495
"../../../Engine/Plugins/Animation/ControlRig/Content/Controls/ControlRig_Circle_3mm.uexp" 496
"../../../Engine/Plugins/Animation/ControlRig/Content/Controls/ControlRig_Circle_1mm.ubulk" 497
"../../../Engine/Plugins/Animation/ControlRig/Content/Controls/ControlRig_Circle_1mm.uasset" 498
"../../../Engine/Plugins/Animation/ControlRig/Content/Controls/ControlRig_Circle_1mm.uexp" 499
"../../../Engine/Plugins/Animation/ControlRig/Content/Controls/ControlRig_Box_solid.ubulk" 500
"../../../Engine/Plugins/Animation/ControlRig/Content/Controls/ControlRig_Box_solid.uasset" 501
"../../../Engine/Plugins/Animation/ControlRig/Content/Controls/ControlRig_Box_solid.uexp" 502
"../../../Engine/Plugins/Animation/ControlRig/Content/Controls/ControlRig_Box_3mm.ubulk" 503
"../../../Engine/Plugins/Animation/ControlRig/Content/Controls/ControlRig_Box_3mm.uasset" 504
"../../../Engine/Plugins/Animation/ControlRig/Content/Controls/ControlRig_Box_3mm.uexp" 505
"../../../Engine/Plugins/Animation/ControlRig/Content/Controls/ControlRig_Box_1mm.ubulk" 506
"../../../Engine/Plugins/Animation/ControlRig/Content/Controls/ControlRig_Box_1mm.uasset" 507
"../../../Engine/Plugins/Animation/ControlRig/Content/Controls/ControlRig_Box_1mm.uexp" 508
"../../../Engine/Plugins/Animation/ControlRig/Content/Controls/ControlRig_Arrow_solid.ubulk" 509
"../../../Engine/Plugins/Animation/ControlRig/Content/Controls/ControlRig_Arrow_solid.uasset" 510
"../../../Engine/Plugins/Animation/ControlRig/Content/Controls/ControlRig_Arrow_solid.uexp" 511
"../../../Engine/Plugins/Animation/ControlRig/Content/Controls/ControlRig_Arrow_3mm.ubulk" 512
"../../../Engine/Plugins/Animation/ControlRig/Content/Controls/ControlRig_Arrow_3mm.uasset" 513
"../../../Engine/Plugins/Animation/ControlRig/Content/Controls/ControlRig_Arrow_3mm.uexp" 514
"../../../Engine/Plugins/Animation/ControlRig/Content/Controls/ControlRig_Arrow_1mm.ubulk" 515
"../../../Engine/Plugins/Animation/ControlRig/Content/Controls/ControlRig_Arrow_1mm.uasset" 516
"../../../Engine/Plugins/Animation/ControlRig/Content/Controls/ControlRig_Arrow_1mm.uexp" 517
"../../../Engine/Plugins/Animation/ControlRig/Content/Controls/ControlRig_Arrow4_solid.ubulk" 518
"../../../Engine/Plugins/Animation/ControlRig/Content/Controls/ControlRig_Arrow4_solid.uasset" 519
"../../../Engine/Plugins/Animation/ControlRig/Content/Controls/ControlRig_Arrow4_solid.uexp" 520
"../../../Engine/Plugins/Animation/ControlRig/Content/Controls/ControlRig_Arrow4_3mm.ubulk" 521
"../../../Engine/Plugins/Animation/ControlRig/Content/Controls/ControlRig_Arrow4_3mm.uasset" 522
"../../../Engine/Plugins/Animation/ControlRig/Content/Controls/ControlRig_Arrow4_3mm.uexp" 523
"../../../Engine/Plugins/Animation/ControlRig/Content/Controls/ControlRig_Arrow4_1mm.ubulk" 524
"../../../Engine/Plugins/Animation/ControlRig/Content/Controls/ControlRig_Arrow4_1mm.uasset" 525
"../../../Engine/Plugins/Animation/ControlRig/Content/Controls/ControlRig_Arrow4_1mm.uexp" 526
"../../../Engine/Plugins/Animation/ControlRig/Content/Controls/ControlRig_Arrow2_solid.ubulk" 527
"../../../Engine/Plugins/Animation/ControlRig/Content/Controls/ControlRig_Arrow2_solid.uasset" 528
"../../../Engine/Plugins/Animation/ControlRig/Content/Controls/ControlRig_Arrow2_solid.uexp" 529
"../../../Engine/Plugins/Animation/ControlRig/Content/Controls/ControlRig_Arrow2_3mm.ubulk" 530
"../../../Engine/Plugins/Animation/ControlRig/Content/Controls/ControlRig_Arrow2_3mm.uasset" 531
"../../../Engine/Plugins/Animation/ControlRig/Content/Controls/ControlRig_Arrow2_3mm.uexp" 532
"../../../Engine/Plugins/Animation/ControlRig/Content/Controls/ControlRig_Arrow2_1mm.ubulk" 533
"../../../Engine/Plugins/Animation/ControlRig/Content/Controls/ControlRig_Arrow2_1mm.uasset" 534
"../../../Engine/Plugins/Animation/ControlRig/Content/Controls/ControlRig_Arrow2_1mm.uexp" 535
"../../../Engine/Plugins/Animation/ControlRig/Content/Controls/ControlRigXRayMaterial.uasset" 536
"../../../Engine/Plugins/Animation/ControlRig/Content/Controls/ControlRigXRayMaterial.uexp" 537
"../../../Engine/Plugins/Animation/ControlRig/Content/Controls/ControlRigGizmoMaterial.uasset" 538
"../../../Engine/Plugins/Animation/ControlRig/Content/Controls/ControlRigGizmoMaterial.uexp" 539
"../../../Engine/Content/Functions/Engine_MaterialFunctions02/Texturing/CustomRotator.uasset" 540
"../../../Engine/Content/Functions/Engine_MaterialFunctions02/Texturing/CustomRotator.uexp" 541
"../../../Engine/Content/Functions/Engine_MaterialFunctions02/Texturing/ScreenAlignedPixelToPixelUVs.uasset" 542
"../../../Engine/Content/Functions/Engine_MaterialFunctions02/Texturing/ScreenAlignedPixelToPixelUVs.uexp" 543
"../../../Engine/Plugins/Interchange/Runtime/Content/Utilities/T_Bayer64_Grayscale_64px.uasset" 544
"../../../Engine/Plugins/Interchange/Runtime/Content/Utilities/T_Bayer64_Grayscale_64px.uexp" 545
"../../../Engine/Plugins/Interchange/Runtime/Content/gltf/MaterialFunctions/MF_Temporal_Blur.uasset" 546
"../../../Engine/Plugins/Interchange/Runtime/Content/gltf/MaterialFunctions/MF_Temporal_Blur.uexp" 547
"../../../Engine/Plugins/Interchange/Runtime/Content/gltf/MaterialFunctions/MF_Fresnel_DS.uasset" 548
"../../../Engine/Plugins/Interchange/Runtime/Content/gltf/MaterialFunctions/MF_Fresnel_DS.uexp" 549
"../../../Engine/Plugins/Interchange/Runtime/Content/Functions/MX_Transmission.uasset" 550
"../../../Engine/Plugins/Interchange/Runtime/Content/Functions/MX_Transmission.uexp" 551
"../../../Engine/Plugins/Interchange/Runtime/Content/Functions/MF_OrenNayerView.uasset" 552
"../../../Engine/Plugins/Interchange/Runtime/Content/Functions/MF_OrenNayerView.uexp" 553
"../../../Engine/Plugins/Interchange/Runtime/Content/Functions/MF_SchlickApprox.uasset" 554
"../../../Engine/Plugins/Interchange/Runtime/Content/Functions/MF_SchlickApprox.uexp" 555
"../../../Engine/Plugins/Interchange/Runtime/Content/Utilities/New_LUT.uasset" 556
"../../../Engine/Plugins/Interchange/Runtime/Content/Utilities/New_LUT.uexp" 557
"../../../Engine/Content/Functions/Engine_MaterialFunctions03/Math/RemapValueRange.uasset" 558
"../../../Engine/Content/Functions/Engine_MaterialFunctions03/Math/RemapValueRange.uexp" 559
"../../../Engine/Plugins/Interchange/Runtime/Content/Functions/MF_Iridescence.uasset" 560
"../../../Engine/Plugins/Interchange/Runtime/Content/Functions/MF_Iridescence.uexp" 561
"../../../Engine/Plugins/Interchange/Runtime/Content/Functions/MX_StandardSurface.uasset" 562
"../../../Engine/Plugins/Interchange/Runtime/Content/Functions/MX_StandardSurface.uexp" 563
"../../../Engine/Plugins/Interchange/Runtime/Content/Functions/MX_TransmissionSurface.uasset" 564
"../../../Engine/Plugins/Interchange/Runtime/Content/Functions/MX_TransmissionSurface.uexp" 565
"../../../Engine/Content/Functions/Engine_MaterialFunctions02/Math/AddComponents.uasset" 566
"../../../Engine/Content/Functions/Engine_MaterialFunctions02/Math/AddComponents.uexp" 567
"../../../Engine/Content/Functions/Engine_MaterialFunctions02/WorldPositionOffset/V2/ObjectScale.uasset" 568
"../../../Engine/Content/Functions/Engine_MaterialFunctions02/WorldPositionOffset/V2/ObjectScale.uexp" 569
"../../../Engine/Plugins/Interchange/Runtime/Content/gltf/MaterialFunctions/MF_TransmissionOpacity.uasset" 570
"../../../Engine/Plugins/Interchange/Runtime/Content/gltf/MaterialFunctions/MF_TransmissionOpacity.uexp" 571
"../../../Engine/Plugins/Interchange/Runtime/Content/gltf/MaterialFunctions/MF_RotateV2.uasset" 572
"../../../Engine/Plugins/Interchange/Runtime/Content/gltf/MaterialFunctions/MF_RotateV2.uexp" 573
"../../../Engine/Plugins/Interchange/Runtime/Content/gltf/MaterialFunctions/MF_TransformUVs.uasset" 574
"../../../Engine/Plugins/Interchange/Runtime/Content/gltf/MaterialFunctions/MF_TransformUVs.uexp" 575
"../../../Engine/Plugins/Interchange/Runtime/Content/gltf/Textures/T_White_srgb.uasset" 576
"../../../Engine/Plugins/Interchange/Runtime/Content/gltf/Textures/T_White_srgb.uexp" 577
"../../../Engine/Plugins/Interchange/Runtime/Content/gltf/MaterialFunctions/MF_BaseColor.uasset" 578
"../../../Engine/Plugins/Interchange/Runtime/Content/gltf/MaterialFunctions/MF_BaseColor.uexp" 579
"../../../Engine/Plugins/Interchange/Runtime/Content/gltf/MaterialFunctions/MF_DiffuseSpecGloss.uasset" 580
"../../../Engine/Plugins/Interchange/Runtime/Content/gltf/MaterialFunctions/MF_DiffuseSpecGloss.uexp" 581
"../../../Engine/Plugins/Interchange/Runtime/Content/gltf/Textures/T_White_Linear.uasset" 582
"../../../Engine/Plugins/Interchange/Runtime/Content/gltf/Textures/T_White_Linear.uexp" 583
"../../../Engine/Plugins/Interchange/Runtime/Content/gltf/MaterialFunctions/MF_MetallicRoughness.uasset" 584
"../../../Engine/Plugins/Interchange/Runtime/Content/gltf/MaterialFunctions/MF_MetallicRoughness.uexp" 585
"../../../Engine/Plugins/Interchange/Runtime/Content/gltf/MaterialFunctions/MF_Transmission.uasset" 586
"../../../Engine/Plugins/Interchange/Runtime/Content/gltf/MaterialFunctions/MF_Transmission.uexp" 587
"../../../Engine/Plugins/Interchange/Runtime/Content/gltf/MaterialFunctions/MF_Occlusion.uasset" 588
"../../../Engine/Plugins/Interchange/Runtime/Content/gltf/MaterialFunctions/MF_Occlusion.uexp" 589
"../../../Engine/Plugins/Interchange/Runtime/Content/gltf/MaterialFunctions/MF_Specular.uasset" 590
"../../../Engine/Plugins/Interchange/Runtime/Content/gltf/MaterialFunctions/MF_Specular.uexp" 591
"../../../Engine/Plugins/Interchange/Runtime/Content/gltf/MaterialFunctions/MF_IOR.uasset" 592
"../../../Engine/Plugins/Interchange/Runtime/Content/gltf/MaterialFunctions/MF_IOR.uexp" 593
"../../../Engine/Content/Functions/Engine_MaterialFunctions01/Texturing/FlattenNormal.uasset" 594
"../../../Engine/Content/Functions/Engine_MaterialFunctions01/Texturing/FlattenNormal.uexp" 595
"../../../Engine/Content/Functions/Engine_MaterialFunctions02/Math/Transform3x3Matrix.uasset" 596
"../../../Engine/Content/Functions/Engine_MaterialFunctions02/Math/Transform3x3Matrix.uexp" 597
"../../../Engine/Plugins/Interchange/Runtime/Content/gltf/MaterialFunctions/MF_RotateNormals_TS.uasset" 598
"../../../Engine/Plugins/Interchange/Runtime/Content/gltf/MaterialFunctions/MF_RotateNormals_TS.uexp" 599
"../../../Engine/Plugins/Interchange/Runtime/Content/gltf/Textures/T_Generic_N.uasset" 600
"../../../Engine/Plugins/Interchange/Runtime/Content/gltf/Textures/T_Generic_N.uexp" 601
"../../../Engine/Plugins/Interchange/Runtime/Content/gltf/MaterialFunctions/MF_Normals.uasset" 602
"../../../Engine/Plugins/Interchange/Runtime/Content/gltf/MaterialFunctions/MF_Normals.uexp" 603
"../../../Engine/Plugins/Interchange/Runtime/Content/gltf/MaterialFunctions/MF_PerceivedBrightness.uasset" 604
"../../../Engine/Plugins/Interchange/Runtime/Content/gltf/MaterialFunctions/MF_PerceivedBrightness.uexp" 605
"../../../Engine/Plugins/Interchange/Runtime/Content/gltf/MaterialFunctions/MF_SpecGlossToMetalRoughness.uasset" 606
"../../../Engine/Plugins/Interchange/Runtime/Content/gltf/MaterialFunctions/MF_SpecGlossToMetalRoughness.uexp" 607
"../../../Engine/Plugins/Interchange/Runtime/Content/gltf/M_Transmission.uasset" 608
"../../../Engine/Plugins/Interchange/Runtime/Content/gltf/M_Transmission.uexp" 609
"../../../Engine/Plugins/Interchange/Runtime/Content/gltf/MaterialInstances_MR/MI_Transmission_TS.uasset" 610
"../../../Engine/Plugins/Interchange/Runtime/Content/gltf/MaterialInstances_MR/MI_Transmission_TS.uexp" 611
"../../../Engine/Plugins/Interchange/Runtime/Content/gltf/MaterialInstances_MR/MI_Transmission.uasset" 612
"../../../Engine/Plugins/Interchange/Runtime/Content/gltf/MaterialInstances_MR/MI_Transmission.uexp" 613
"../../../Engine/Plugins/Interchange/Runtime/Content/gltf/MaterialFunctions/MF_Clearcoat.uasset" 614
"../../../Engine/Plugins/Interchange/Runtime/Content/gltf/MaterialFunctions/MF_Clearcoat.uexp" 615
"../../../Engine/Plugins/Interchange/Runtime/Content/gltf/MaterialFunctions/MF_Emissive.uasset" 616
"../../../Engine/Plugins/Interchange/Runtime/Content/gltf/MaterialFunctions/MF_Emissive.uexp" 617
"../../../Engine/Plugins/Interchange/Runtime/Content/gltf/M_Translucent.uasset" 618
"../../../Engine/Plugins/Interchange/Runtime/Content/gltf/M_Translucent.uexp" 619
"../../../Engine/Plugins/Interchange/Runtime/Content/gltf/MaterialInstances_MR/MI_Translucent_TS.uasset" 620
"../../../Engine/Plugins/Interchange/Runtime/Content/gltf/MaterialInstances_MR/MI_Translucent_TS.uexp" 621
"../../../Engine/Plugins/Interchange/Runtime/Content/gltf/MaterialInstances_MR/MI_Translucent_ClearCoat_TS.uasset" 622
"../../../Engine/Plugins/Interchange/Runtime/Content/gltf/MaterialInstances_MR/MI_Translucent_ClearCoat_TS.uexp" 623
"../../../Engine/Plugins/Interchange/Runtime/Content/gltf/MaterialInstances_MR/MI_Translucent_ClearCoat.uasset" 624
"../../../Engine/Plugins/Interchange/Runtime/Content/gltf/MaterialInstances_MR/MI_Translucent_ClearCoat.uexp" 625
"../../../Engine/Plugins/Interchange/Runtime/Content/gltf/MaterialInstances_MR/MI_Translucent.uasset" 626
"../../../Engine/Plugins/Interchange/Runtime/Content/gltf/MaterialInstances_MR/MI_Translucent.uexp" 627
"../../../Engine/Plugins/Interchange/Runtime/Content/gltf/M_Unlit.uasset" 628
"../../../Engine/Plugins/Interchange/Runtime/Content/gltf/M_Unlit.uexp" 629
"../../../Engine/Plugins/Interchange/Runtime/Content/gltf/MaterialInstances_MR/MI_Opaque_Unlit_TS.uasset" 630
"../../../Engine/Plugins/Interchange/Runtime/Content/gltf/MaterialInstances_MR/MI_Opaque_Unlit_TS.uexp" 631
"../../../Engine/Plugins/Interchange/Runtime/Content/gltf/MaterialInstances_MR/MI_Opaque_Unlit.uasset" 632
"../../../Engine/Plugins/Interchange/Runtime/Content/gltf/MaterialInstances_MR/MI_Opaque_Unlit.uexp" 633
"../../../Engine/Plugins/Interchange/Runtime/Content/gltf/M_Opaque.uasset" 634
"../../../Engine/Plugins/Interchange/Runtime/Content/gltf/M_Opaque.uexp" 635
"../../../Engine/Plugins/Interchange/Runtime/Content/gltf/MaterialInstances_MR/MI_Opaque_TS.uasset" 636
"../../../Engine/Plugins/Interchange/Runtime/Content/gltf/MaterialInstances_MR/MI_Opaque_TS.uexp" 637
"../../../Engine/Plugins/Interchange/Runtime/Content/gltf/MaterialFunctions/MF_Sheen.uasset" 638
"../../../Engine/Plugins/Interchange/Runtime/Content/gltf/MaterialFunctions/MF_Sheen.uexp" 639
"../../../Engine/Content/Functions/Engine_MaterialFunctions01/Shading/FuzzyShading.uasset" 640
"../../../Engine/Content/Functions/Engine_MaterialFunctions01/Shading/FuzzyShading.uexp" 641
"../../../Engine/Plugins/Interchange/Runtime/Content/gltf/M_Sheen.uasset" 642
"../../../Engine/Plugins/Interchange/Runtime/Content/gltf/M_Sheen.uexp" 643
"../../../Engine/Plugins/Interchange/Runtime/Content/gltf/MaterialInstances_MR/MI_Opaque_Sheen_TS.uasset" 644
"../../../Engine/Plugins/Interchange/Runtime/Content/gltf/MaterialInstances_MR/MI_Opaque_Sheen_TS.uexp" 645
"../../../Engine/Plugins/Interchange/Runtime/Content/gltf/MaterialInstances_MR/MI_Opaque_Sheen.uasset" 646
"../../../Engine/Plugins/Interchange/Runtime/Content/gltf/MaterialInstances_MR/MI_Opaque_Sheen.uexp" 647
"../../../Engine/Plugins/Interchange/Runtime/Content/gltf/MaterialInstances_MR/MI_Opaque_ClearCoat_TS.uasset" 648
"../../../Engine/Plugins/Interchange/Runtime/Content/gltf/MaterialInstances_MR/MI_Opaque_ClearCoat_TS.uexp" 649
"../../../Engine/Plugins/Interchange/Runtime/Content/gltf/MaterialInstances_MR/MI_Opaque_ClearCoat.uasset" 650
"../../../Engine/Plugins/Interchange/Runtime/Content/gltf/MaterialInstances_MR/MI_Opaque_ClearCoat.uexp" 651
"../../../Engine/Plugins/Interchange/Runtime/Content/gltf/MaterialInstances_MR/MI_Opaque.uasset" 652
"../../../Engine/Plugins/Interchange/Runtime/Content/gltf/MaterialInstances_MR/MI_Opaque.uexp" 653
"../../../Engine/Plugins/Interchange/Runtime/Content/gltf/MaterialInstances_SG/MI_Transmission_TS.uasset" 654
"../../../Engine/Plugins/Interchange/Runtime/Content/gltf/MaterialInstances_SG/MI_Transmission_TS.uexp" 655
"../../../Engine/Plugins/Interchange/Runtime/Content/gltf/MaterialInstances_SG/MI_Transmission.uasset" 656
"../../../Engine/Plugins/Interchange/Runtime/Content/gltf/MaterialInstances_SG/MI_Transmission.uexp" 657
"../../../Engine/Plugins/Interchange/Runtime/Content/gltf/MaterialInstances_SG/MI_Translucent_TS.uasset" 658
"../../../Engine/Plugins/Interchange/Runtime/Content/gltf/MaterialInstances_SG/MI_Translucent_TS.uexp" 659
"../../../Engine/Plugins/Interchange/Runtime/Content/gltf/MaterialInstances_SG/MI_Translucent_ClearCoat_TS.uasset" 660
"../../../Engine/Plugins/Interchange/Runtime/Content/gltf/MaterialInstances_SG/MI_Translucent_ClearCoat_TS.uexp" 661
"../../../Engine/Plugins/Interchange/Runtime/Content/gltf/MaterialInstances_SG/MI_Translucent_ClearCoat.uasset" 662
"../../../Engine/Plugins/Interchange/Runtime/Content/gltf/MaterialInstances_SG/MI_Translucent_ClearCoat.uexp" 663
"../../../Engine/Plugins/Interchange/Runtime/Content/gltf/MaterialInstances_SG/MI_Translucent.uasset" 664
"../../../Engine/Plugins/Interchange/Runtime/Content/gltf/MaterialInstances_SG/MI_Translucent.uexp" 665
"../../../Engine/Plugins/Interchange/Runtime/Content/gltf/MaterialInstances_SG/MI_Opaque_TS.uasset" 666
"../../../Engine/Plugins/Interchange/Runtime/Content/gltf/MaterialInstances_SG/MI_Opaque_TS.uexp" 667
"../../../Engine/Plugins/Interchange/Runtime/Content/gltf/MaterialInstances_SG/MI_Opaque_Sheen_TS.uasset" 668
"../../../Engine/Plugins/Interchange/Runtime/Content/gltf/MaterialInstances_SG/MI_Opaque_Sheen_TS.uexp" 669
"../../../Engine/Plugins/Interchange/Runtime/Content/gltf/MaterialInstances_SG/MI_Opaque_Sheen.uasset" 670
"../../../Engine/Plugins/Interchange/Runtime/Content/gltf/MaterialInstances_SG/MI_Opaque_Sheen.uexp" 671
"../../../Engine/Plugins/Interchange/Runtime/Content/gltf/MaterialInstances_SG/MI_Opaque_ClearCoat_TS.uasset" 672
"../../../Engine/Plugins/Interchange/Runtime/Content/gltf/MaterialInstances_SG/MI_Opaque_ClearCoat_TS.uexp" 673
"../../../Engine/Plugins/Interchange/Runtime/Content/gltf/MaterialInstances_SG/MI_Opaque_ClearCoat.uasset" 674
"../../../Engine/Plugins/Interchange/Runtime/Content/gltf/MaterialInstances_SG/MI_Opaque_ClearCoat.uexp" 675
"../../../Engine/Plugins/Interchange/Runtime/Content/gltf/MaterialInstances_SG/MI_Opaque.uasset" 676
"../../../Engine/Plugins/Interchange/Runtime/Content/gltf/MaterialInstances_SG/MI_Opaque.uexp" 677
"../../../Engine/Plugins/Interchange/Runtime/Content/gltf/Textures/T_Gray_Linear.uasset" 678
"../../../Engine/Plugins/Interchange/Runtime/Content/gltf/Textures/T_Gray_Linear.uexp" 679
"../../../Engine/Plugins/Interchange/Runtime/Content/gltf/Textures/T_Black_srgb.uasset" 680
"../../../Engine/Plugins/Interchange/Runtime/Content/gltf/Textures/T_Black_srgb.uexp" 681
"../../../Engine/Plugins/Interchange/Runtime/Content/Materials/UnlitMaterial.uasset" 682
"../../../Engine/Plugins/Interchange/Runtime/Content/Materials/UnlitMaterial.uexp" 683
"../../../Engine/Content/EngineMaterials/DefaultNormal.ubulk" 684
"../../../Engine/Content/EngineMaterials/DefaultNormal.uasset" 685
"../../../Engine/Content/EngineMaterials/DefaultNormal.uexp" 686
"../../../Engine/Plugins/Interchange/Runtime/Content/Materials/MapOrScalarFunction.uasset" 687
"../../../Engine/Plugins/Interchange/Runtime/Content/Materials/MapOrScalarFunction.uexp" 688
"../../../Engine/Plugins/Interchange/Runtime/Content/Materials/MapOrLinearColorFunction.uasset" 689
"../../../Engine/Plugins/Interchange/Runtime/Content/Materials/MapOrLinearColorFunction.uexp" 690
"../../../Engine/Plugins/Interchange/Runtime/Content/Materials/MapOrColorFunction.uasset" 691
"../../../Engine/Plugins/Interchange/Runtime/Content/Materials/MapOrColorFunction.uexp" 692
"../../../Engine/Plugins/Interchange/Runtime/Content/Materials/CommonMaterial.uasset" 693
"../../../Engine/Plugins/Interchange/Runtime/Content/Materials/CommonMaterial.uexp" 694
"../../../Engine/Plugins/Interchange/Runtime/Content/Materials/PBRSurfaceFunction.uasset" 695
"../../../Engine/Plugins/Interchange/Runtime/Content/Materials/PBRSurfaceFunction.uexp" 696
"../../../Engine/Plugins/Interchange/Runtime/Content/Materials/ThinTranslucentMaterial.uasset" 697
"../../../Engine/Plugins/Interchange/Runtime/Content/Materials/ThinTranslucentMaterial.uexp" 698
"../../../Engine/Plugins/Interchange/Runtime/Content/Materials/SubsurfaceMaterial.uasset" 699
"../../../Engine/Plugins/Interchange/Runtime/Content/Materials/SubsurfaceMaterial.uexp" 700
"../../../Engine/Plugins/Interchange/Runtime/Content/Materials/SheenMaterial.uasset" 701
"../../../Engine/Plugins/Interchange/Runtime/Content/Materials/SheenMaterial.uexp" 702
"../../../Engine/Content/Functions/Engine_MaterialFunctions01/Shading/ConvertFromDiffSpec.uasset" 703
"../../../Engine/Content/Functions/Engine_MaterialFunctions01/Shading/ConvertFromDiffSpec.uexp" 704
"../../../Engine/Plugins/Interchange/Runtime/Content/Materials/PhongSurfaceMaterial.uasset" 705
"../../../Engine/Plugins/Interchange/Runtime/Content/Materials/PhongSurfaceMaterial.uexp" 706
"../../../Engine/Plugins/Interchange/Runtime/Content/Materials/PBRSurfaceMaterial.uasset" 707
"../../../Engine/Plugins/Interchange/Runtime/Content/Materials/PBRSurfaceMaterial.uexp" 708
"../../../Engine/Content/EngineMaterials/FlatNormal.uasset" 709
"../../../Engine/Content/EngineMaterials/FlatNormal.uexp" 710
"../../../Engine/Content/EditorLandscapeResources/WhiteSquareTexture.uasset" 711
"../../../Engine/Content/EditorLandscapeResources/WhiteSquareTexture.uexp" 712
"../../../Engine/Plugins/Interchange/Runtime/Content/Materials/OrenNayerMaterial.uasset" 713
"../../../Engine/Plugins/Interchange/Runtime/Content/Materials/OrenNayerMaterial.uexp" 714
"../../../Engine/Plugins/Interchange/Runtime/Content/Materials/LambertSurfaceMaterial.uasset" 715
"../../../Engine/Plugins/Interchange/Runtime/Content/Materials/LambertSurfaceMaterial.uexp" 716
"../../../Engine/Plugins/Interchange/Runtime/Content/Materials/ClearCoatMaterial.uasset" 717
"../../../Engine/Plugins/Interchange/Runtime/Content/Materials/ClearCoatMaterial.uexp" 718
"../../../Engine/Plugins/Interchange/Runtime/Content/Pipelines/DefaultTexturePipeline.uasset" 719
"../../../Engine/Plugins/Interchange/Runtime/Content/Pipelines/DefaultTexturePipeline.uexp" 720
"../../../Engine/Plugins/Interchange/Runtime/Content/Pipelines/DefaultSceneLevelPipeline.uasset" 721
"../../../Engine/Plugins/Interchange/Runtime/Content/Pipelines/DefaultSceneLevelPipeline.uexp" 722
"../../../Engine/Plugins/Interchange/Runtime/Content/Pipelines/DefaultSceneAssetsPipeline.uasset" 723
"../../../Engine/Plugins/Interchange/Runtime/Content/Pipelines/DefaultSceneAssetsPipeline.uexp" 724
"../../../Engine/Plugins/Interchange/Runtime/Content/Pipelines/DefaultMaterialPipeline.uasset" 725
"../../../Engine/Plugins/Interchange/Runtime/Content/Pipelines/DefaultMaterialPipeline.uexp" 726
"../../../Engine/Plugins/Interchange/Runtime/Content/Pipelines/DefaultAssetsPipeline.uasset" 727
"../../../Engine/Plugins/Interchange/Runtime/Content/Pipelines/DefaultAssetsPipeline.uexp" 728
"../../../Engine/Plugins/Runtime/MeshModelingToolset/Content/Materials/M_DynamicMeshComponentVtxColor.uasset" 729
"../../../Engine/Plugins/Runtime/MeshModelingToolset/Content/Materials/M_DynamicMeshComponentVtxColor.uexp" 730
"../../../Engine/Content/Maps/Entry_BuiltData.uasset" 731
"../../../Engine/Content/Maps/Entry_BuiltData.uexp" 732
"../../../Engine/Content/Maps/Entry.uexp" 733
"../../../Engine/Content/Maps/Entry.umap" 734
"../../../Engine/Content/BasicShapes/Cube.ubulk" 735
"../../../Engine/Content/BasicShapes/Cube.uasset" 736
"../../../Engine/Content/BasicShapes/Cube.uexp" 737
"../../../Engine/Content/BasicShapes/Sphere.ubulk" 738
"../../../Engine/Content/BasicShapes/Sphere.uasset" 739
"../../../Engine/Content/BasicShapes/Sphere.uexp" 740
"C:/Users/Celine/Documents/Unreal Projects/ASpectrumUnbound/Content/ThirdPerson/Blueprints/BPI_Refs.uasset" 741
"C:/Users/Celine/Documents/Unreal Projects/ASpectrumUnbound/Content/ThirdPerson/Blueprints/BPI_Refs.uexp" 742
"C:/Users/Celine/Documents/Unreal Projects/ASpectrumUnbound/Content/ThirdPerson/Blueprints/W_OverstimText.uasset" 743
"C:/Users/Celine/Documents/Unreal Projects/ASpectrumUnbound/Content/ThirdPerson/Blueprints/W_OverstimText.uexp" 744
"C:/Users/Celine/Documents/Unreal Projects/ASpectrumUnbound/Content/ThirdPerson/Blueprints/ItemPickup/BPI_Items.uasset" 745
"C:/Users/Celine/Documents/Unreal Projects/ASpectrumUnbound/Content/ThirdPerson/Blueprints/ItemPickup/BPI_Items.uexp" 746
"../../../Engine/Content/Animation/DefaultAnimCurveCompressionSettings.uasset" 747
"../../../Engine/Content/Animation/DefaultAnimCurveCompressionSettings.uexp" 748
"C:/Users/Celine/Documents/Unreal Projects/ASpectrumUnbound/Content/Characters/Mannequins/Meshes/SK_Mannequin.uasset" 749
"C:/Users/Celine/Documents/Unreal Projects/ASpectrumUnbound/Content/Characters/Mannequins/Meshes/SK_Mannequin.uexp" 750
"../../../Engine/Content/Animation/DefaultAnimBoneCompressionSettings.uasset" 751
"../../../Engine/Content/Animation/DefaultAnimBoneCompressionSettings.uexp" 752
"C:/Users/Celine/Documents/Unreal Projects/ASpectrumUnbound/Content/Characters/Mannequins/Animations/Manny/MM_Fall_Loop.uasset" 753
"C:/Users/Celine/Documents/Unreal Projects/ASpectrumUnbound/Content/Characters/Mannequins/Animations/Manny/MM_Fall_Loop.uexp" 754
"C:/Users/Celine/Documents/Unreal Projects/ASpectrumUnbound/Content/Characters/Mannequins/Animations/Manny/MM_Jump.uasset" 755
"C:/Users/Celine/Documents/Unreal Projects/ASpectrumUnbound/Content/Characters/Mannequins/Animations/Manny/MM_Jump.uexp" 756
"../../../Engine/Plugins/Animation/ControlRig/Content/Controls/DefaultGizmoLibrary.uasset" 757
"../../../Engine/Plugins/Animation/ControlRig/Content/Controls/DefaultGizmoLibrary.uexp" 758
"C:/Users/Celine/Documents/Unreal Projects/ASpectrumUnbound/Content/Characters/Mannequins/Rigs/CR_Mannequin_BasicFootIK.uasset" 759
"C:/Users/Celine/Documents/Unreal Projects/ASpectrumUnbound/Content/Characters/Mannequins/Rigs/CR_Mannequin_BasicFootIK.uexp" 760
"C:/Users/Celine/Documents/Unreal Projects/ASpectrumUnbound/Content/Characters/Mannequins/Animations/Manny/MM_Run_Fwd.uasset" 761
"C:/Users/Celine/Documents/Unreal Projects/ASpectrumUnbound/Content/Characters/Mannequins/Animations/Manny/MM_Run_Fwd.uexp" 762
"C:/Users/Celine/Documents/Unreal Projects/ASpectrumUnbound/Content/Characters/Mannequins/Animations/Manny/MM_Walk_Fwd.uasset" 763
"C:/Users/Celine/Documents/Unreal Projects/ASpectrumUnbound/Content/Characters/Mannequins/Animations/Manny/MM_Walk_Fwd.uexp" 764
"../../../Engine/Content/Animation/DefaultRecorderBoneCompression.uasset" 765
"../../../Engine/Content/Animation/DefaultRecorderBoneCompression.uexp" 766
"C:/Users/Celine/Documents/Unreal Projects/ASpectrumUnbound/Content/Characters/Mannequins/Animations/Manny/MM_Walk_InPlace.uasset" 767
"C:/Users/Celine/Documents/Unreal Projects/ASpectrumUnbound/Content/Characters/Mannequins/Animations/Manny/MM_Walk_InPlace.uexp" 768
"C:/Users/Celine/Documents/Unreal Projects/ASpectrumUnbound/Content/Characters/Mannequins/Animations/Manny/BS_MM_WalkRun.uasset" 769
"C:/Users/Celine/Documents/Unreal Projects/ASpectrumUnbound/Content/Characters/Mannequins/Animations/Manny/BS_MM_WalkRun.uexp" 770
"C:/Users/Celine/Documents/Unreal Projects/ASpectrumUnbound/Content/Characters/Mannequins/Animations/Manny/MM_Land.uasset" 771
"C:/Users/Celine/Documents/Unreal Projects/ASpectrumUnbound/Content/Characters/Mannequins/Animations/Manny/MM_Land.uexp" 772
"C:/Users/Celine/Documents/Unreal Projects/ASpectrumUnbound/Content/Characters/Mannequins/Animations/Manny/MM_Idle.uasset" 773
"C:/Users/Celine/Documents/Unreal Projects/ASpectrumUnbound/Content/Characters/Mannequins/Animations/Manny/MM_Idle.uexp" 774
"C:/Users/Celine/Documents/Unreal Projects/ASpectrumUnbound/Content/Characters/Mannequins/Animations/ABP_Manny.uasset" 775
"C:/Users/Celine/Documents/Unreal Projects/ASpectrumUnbound/Content/Characters/Mannequins/Animations/ABP_Manny.uexp" 776
"C:/Users/Celine/Documents/Unreal Projects/ASpectrumUnbound/Content/ThirdPerson/Input/Actions/IA_Jump.uasset" 777
"C:/Users/Celine/Documents/Unreal Projects/ASpectrumUnbound/Content/ThirdPerson/Input/Actions/IA_Jump.uexp" 778
"C:/Users/Celine/Documents/Unreal Projects/ASpectrumUnbound/Content/ThirdPerson/Input/Actions/IA_Look.uasset" 779
"C:/Users/Celine/Documents/Unreal Projects/ASpectrumUnbound/Content/ThirdPerson/Input/Actions/IA_Look.uexp" 780
"C:/Users/Celine/Documents/Unreal Projects/ASpectrumUnbound/Content/ThirdPerson/Input/Actions/IA_Move.uasset" 781
"C:/Users/Celine/Documents/Unreal Projects/ASpectrumUnbound/Content/ThirdPerson/Input/Actions/IA_Move.uexp" 782
"C:/Users/Celine/Documents/Unreal Projects/ASpectrumUnbound/Content/ThirdPerson/Input/IMC_Default.uasset" 783
"C:/Users/Celine/Documents/Unreal Projects/ASpectrumUnbound/Content/ThirdPerson/Input/IMC_Default.uexp" 784
"../../../Engine/Content/Functions/Engine_MaterialFunctions02/HueShift.uasset" 785
"../../../Engine/Content/Functions/Engine_MaterialFunctions02/HueShift.uexp" 786
"../../../Engine/Content/Functions/Engine_MaterialFunctions02/ExampleContent/HueShift_Mat.uasset" 787
"../../../Engine/Content/Functions/Engine_MaterialFunctions02/ExampleContent/HueShift_Mat.uexp" 788
"../../../Engine/Content/EngineMeshes/Sphere.ubulk" 789
"../../../Engine/Content/EngineMeshes/Sphere.uasset" 790
"../../../Engine/Content/EngineMeshes/Sphere.uexp" 791
"C:/Users/Celine/Documents/Unreal Projects/ASpectrumUnbound/Content/ThirdPerson/Blueprints/ItemPickup/BP_Item.uasset" 792
"C:/Users/Celine/Documents/Unreal Projects/ASpectrumUnbound/Content/ThirdPerson/Blueprints/ItemPickup/BP_Item.uexp" 793
"../../../Engine/Content/BasicShapes/BasicShapeMaterial.uasset" 794
"../../../Engine/Content/BasicShapes/BasicShapeMaterial.uexp" 795
"C:/Users/Celine/Documents/Unreal Projects/ASpectrumUnbound/Content/Characters/Mannequins/Textures/Manny/T_Manny_02_MSR_MSK.ubulk" 796
"C:/Users/Celine/Documents/Unreal Projects/ASpectrumUnbound/Content/Characters/Mannequins/Textures/Manny/T_Manny_02_MSR_MSK.uasset" 797
"C:/Users/Celine/Documents/Unreal Projects/ASpectrumUnbound/Content/Characters/Mannequins/Textures/Manny/T_Manny_02_MSR_MSK.uexp" 798
"C:/Users/Celine/Documents/Unreal Projects/ASpectrumUnbound/Content/Characters/Mannequins/Textures/Manny/T_Manny_02_CCRCCPlastic_MSK.ubulk" 799
"C:/Users/Celine/Documents/Unreal Projects/ASpectrumUnbound/Content/Characters/Mannequins/Textures/Manny/T_Manny_02_CCRCCPlastic_MSK.uasset" 800
"C:/Users/Celine/Documents/Unreal Projects/ASpectrumUnbound/Content/Characters/Mannequins/Textures/Manny/T_Manny_02_CCRCCPlastic_MSK.uexp" 801
"C:/Users/Celine/Documents/Unreal Projects/ASpectrumUnbound/Content/Characters/Mannequins/Textures/Manny/T_Manny_02_Tan.ubulk" 802
"C:/Users/Celine/Documents/Unreal Projects/ASpectrumUnbound/Content/Characters/Mannequins/Textures/Manny/T_Manny_02_Tan.uasset" 803
"C:/Users/Celine/Documents/Unreal Projects/ASpectrumUnbound/Content/Characters/Mannequins/Textures/Manny/T_Manny_02_Tan.uexp" 804
"C:/Users/Celine/Documents/Unreal Projects/ASpectrumUnbound/Content/Characters/Mannequins/Textures/Manny/T_Manny_02_N.ubulk" 805
"C:/Users/Celine/Documents/Unreal Projects/ASpectrumUnbound/Content/Characters/Mannequins/Textures/Manny/T_Manny_02_N.uasset" 806
"C:/Users/Celine/Documents/Unreal Projects/ASpectrumUnbound/Content/Characters/Mannequins/Textures/Manny/T_Manny_02_N.uexp" 807
"C:/Users/Celine/Documents/Unreal Projects/ASpectrumUnbound/Content/Characters/Mannequins/Textures/Manny/T_Manny_01_N.ubulk" 808
"C:/Users/Celine/Documents/Unreal Projects/ASpectrumUnbound/Content/Characters/Mannequins/Textures/Manny/T_Manny_01_N.uasset" 809
"C:/Users/Celine/Documents/Unreal Projects/ASpectrumUnbound/Content/Characters/Mannequins/Textures/Manny/T_Manny_01_N.uexp" 810
"C:/Users/Celine/Documents/Unreal Projects/ASpectrumUnbound/Content/Characters/Mannequins/Materials/Functions/ChromaticCurve.uasset" 811
"C:/Users/Celine/Documents/Unreal Projects/ASpectrumUnbound/Content/Characters/Mannequins/Materials/Functions/ChromaticCurve.uexp" 812
"C:/Users/Celine/Documents/Unreal Projects/ASpectrumUnbound/Content/Characters/Mannequins/Materials/Functions/CA_Mannequin.uasset" 813
"C:/Users/Celine/Documents/Unreal Projects/ASpectrumUnbound/Content/Characters/Mannequins/Materials/Functions/CA_Mannequin.uexp" 814
"C:/Users/Celine/Documents/Unreal Projects/ASpectrumUnbound/Content/Characters/Mannequins/Materials/Functions/MF_Diffraction.uasset" 815
"C:/Users/Celine/Documents/Unreal Projects/ASpectrumUnbound/Content/Characters/Mannequins/Materials/Functions/MF_Diffraction.uexp" 816
"C:/Users/Celine/Documents/Unreal Projects/ASpectrumUnbound/Content/Characters/Mannequins/Materials/Functions/ML_BaseColorFallOff.uasset" 817
"C:/Users/Celine/Documents/Unreal Projects/ASpectrumUnbound/Content/Characters/Mannequins/Materials/Functions/ML_BaseColorFallOff.uexp" 818
"../../../Engine/Content/Functions/Engine_MaterialFunctions01/Texturing/ScaleUVsByCenter.uasset" 819
"../../../Engine/Content/Functions/Engine_MaterialFunctions01/Texturing/ScaleUVsByCenter.uexp" 820
"C:/Users/Celine/Documents/Unreal Projects/ASpectrumUnbound/Content/Characters/Mannequins/Textures/Shared/T_UE_Logo_M.uasset" 821
"C:/Users/Celine/Documents/Unreal Projects/ASpectrumUnbound/Content/Characters/Mannequins/Textures/Shared/T_UE_Logo_M.uexp" 822
"C:/Users/Celine/Documents/Unreal Projects/ASpectrumUnbound/Content/Characters/Mannequins/Materials/Functions/MF_logo3layers.uasset" 823
"C:/Users/Celine/Documents/Unreal Projects/ASpectrumUnbound/Content/Characters/Mannequins/Materials/Functions/MF_logo3layers.uexp" 824
"C:/Users/Celine/Documents/Unreal Projects/ASpectrumUnbound/Content/Characters/Mannequins/Textures/Manny/T_Manny_01_CCRCCPlastic_MSK.ubulk" 825
"C:/Users/Celine/Documents/Unreal Projects/ASpectrumUnbound/Content/Characters/Mannequins/Textures/Manny/T_Manny_01_CCRCCPlastic_MSK.uasset" 826
"C:/Users/Celine/Documents/Unreal Projects/ASpectrumUnbound/Content/Characters/Mannequins/Textures/Manny/T_Manny_01_CCRCCPlastic_MSK.uexp" 827
"C:/Users/Celine/Documents/Unreal Projects/ASpectrumUnbound/Content/Characters/Mannequins/Textures/Manny/T_Manny_01_ASAOPMASK_MSK.ubulk" 828
"C:/Users/Celine/Documents/Unreal Projects/ASpectrumUnbound/Content/Characters/Mannequins/Textures/Manny/T_Manny_01_ASAOPMASK_MSK.uasset" 829
"C:/Users/Celine/Documents/Unreal Projects/ASpectrumUnbound/Content/Characters/Mannequins/Textures/Manny/T_Manny_01_ASAOPMASK_MSK.uexp" 830
"C:/Users/Celine/Documents/Unreal Projects/ASpectrumUnbound/Content/Characters/Mannequins/Textures/Manny/T_Manny_01_MSR_MSK.ubulk" 831
"C:/Users/Celine/Documents/Unreal Projects/ASpectrumUnbound/Content/Characters/Mannequins/Textures/Manny/T_Manny_01_MSR_MSK.uasset" 832
"C:/Users/Celine/Documents/Unreal Projects/ASpectrumUnbound/Content/Characters/Mannequins/Textures/Manny/T_Manny_01_MSR_MSK.uexp" 833
"C:/Users/Celine/Documents/Unreal Projects/ASpectrumUnbound/Content/Characters/Mannequins/Textures/Manny/T_Manny_01_BN.ubulk" 834
"C:/Users/Celine/Documents/Unreal Projects/ASpectrumUnbound/Content/Characters/Mannequins/Textures/Manny/T_Manny_01_BN.uasset" 835
"C:/Users/Celine/Documents/Unreal Projects/ASpectrumUnbound/Content/Characters/Mannequins/Textures/Manny/T_Manny_01_BN.uexp" 836
"C:/Users/Celine/Documents/Unreal Projects/ASpectrumUnbound/Content/Characters/Mannequins/Textures/Manny/T_Manny_01_D.ubulk" 837
"C:/Users/Celine/Documents/Unreal Projects/ASpectrumUnbound/Content/Characters/Mannequins/Textures/Manny/T_Manny_01_D.uasset" 838
"C:/Users/Celine/Documents/Unreal Projects/ASpectrumUnbound/Content/Characters/Mannequins/Textures/Manny/T_Manny_01_D.uexp" 839
"C:/Users/Celine/Documents/Unreal Projects/ASpectrumUnbound/Content/Characters/Mannequins/Textures/Manny/T_Manny_01_Tan.ubulk" 840
"C:/Users/Celine/Documents/Unreal Projects/ASpectrumUnbound/Content/Characters/Mannequins/Textures/Manny/T_Manny_01_Tan.uasset" 841
"C:/Users/Celine/Documents/Unreal Projects/ASpectrumUnbound/Content/Characters/Mannequins/Textures/Manny/T_Manny_01_Tan.uexp" 842
"C:/Users/Celine/Documents/Unreal Projects/ASpectrumUnbound/Content/Characters/Mannequins/Materials/M_Mannequin.uasset" 843
"C:/Users/Celine/Documents/Unreal Projects/ASpectrumUnbound/Content/Characters/Mannequins/Materials/M_Mannequin.uexp" 844
"C:/Users/Celine/Documents/Unreal Projects/ASpectrumUnbound/Content/Characters/Mannequins/Materials/Instances/Manny/MI_Manny_01.uasset" 845
"C:/Users/Celine/Documents/Unreal Projects/ASpectrumUnbound/Content/Characters/Mannequins/Materials/Instances/Manny/MI_Manny_01.uexp" 846
"C:/Users/Celine/Documents/Unreal Projects/ASpectrumUnbound/Content/Characters/Mannequins/Textures/Manny/T_Manny_02_BN.ubulk" 847
"C:/Users/Celine/Documents/Unreal Projects/ASpectrumUnbound/Content/Characters/Mannequins/Textures/Manny/T_Manny_02_BN.uasset" 848
"C:/Users/Celine/Documents/Unreal Projects/ASpectrumUnbound/Content/Characters/Mannequins/Textures/Manny/T_Manny_02_BN.uexp" 849
"C:/Users/Celine/Documents/Unreal Projects/ASpectrumUnbound/Content/Characters/Mannequins/Textures/Manny/T_Manny_02_ASAOPMASK_MSK.ubulk" 850
"C:/Users/Celine/Documents/Unreal Projects/ASpectrumUnbound/Content/Characters/Mannequins/Textures/Manny/T_Manny_02_ASAOPMASK_MSK.uasset" 851
"C:/Users/Celine/Documents/Unreal Projects/ASpectrumUnbound/Content/Characters/Mannequins/Textures/Manny/T_Manny_02_ASAOPMASK_MSK.uexp" 852
"C:/Users/Celine/Documents/Unreal Projects/ASpectrumUnbound/Content/Characters/Mannequins/Textures/Manny/T_Manny_02_D.ubulk" 853
"C:/Users/Celine/Documents/Unreal Projects/ASpectrumUnbound/Content/Characters/Mannequins/Textures/Manny/T_Manny_02_D.uasset" 854
"C:/Users/Celine/Documents/Unreal Projects/ASpectrumUnbound/Content/Characters/Mannequins/Textures/Manny/T_Manny_02_D.uexp" 855
"C:/Users/Celine/Documents/Unreal Projects/ASpectrumUnbound/Content/Characters/Mannequins/Materials/Instances/Manny/MI_Manny_02.uasset" 856
"C:/Users/Celine/Documents/Unreal Projects/ASpectrumUnbound/Content/Characters/Mannequins/Materials/Instances/Manny/MI_Manny_02.uexp" 857
"C:/Users/Celine/Documents/Unreal Projects/ASpectrumUnbound/Content/Characters/Mannequins/Rigs/PA_Mannequin.uasset" 858
"C:/Users/Celine/Documents/Unreal Projects/ASpectrumUnbound/Content/Characters/Mannequins/Rigs/PA_Mannequin.uexp" 859
"C:/Users/Celine/Documents/Unreal Projects/ASpectrumUnbound/Content/Characters/Mannequins/Meshes/SKM_Manny_Simple.uasset" 860
"C:/Users/Celine/Documents/Unreal Projects/ASpectrumUnbound/Content/Characters/Mannequins/Meshes/SKM_Manny_Simple.uexp" 861
"../../../Engine/Content/EditorBlueprintResources/StandardMacros.uasset" 862
"../../../Engine/Content/EditorBlueprintResources/StandardMacros.uexp" 863
"C:/Users/Celine/Documents/Unreal Projects/ASpectrumUnbound/Content/ThirdPerson/Blueprints/BP_ThirdPersonCharacter.uasset" 864
"C:/Users/Celine/Documents/Unreal Projects/ASpectrumUnbound/Content/ThirdPerson/Blueprints/BP_ThirdPersonCharacter.uexp" 865
"C:/Users/Celine/Documents/Unreal Projects/ASpectrumUnbound/Content/ThirdPerson/Blueprints/BP_OverstimTrigger.uasset" 866
"C:/Users/Celine/Documents/Unreal Projects/ASpectrumUnbound/Content/ThirdPerson/Blueprints/BP_OverstimTrigger.uexp" 867
"../../../Engine/Content/EngineMaterials/BlendFunc_DefBlend.uasset" 868
"../../../Engine/Content/EngineMaterials/BlendFunc_DefBlend.uexp" 869
"../../../Engine/Content/EngineMaterials/BlendFunc_DefBase.uasset" 870
"../../../Engine/Content/EngineMaterials/BlendFunc_DefBase.uexp" 871
"../../../Engine/Content/Functions/Engine_MaterialFunctions03/Blends/Blend_Overlay.uasset" 872
"../../../Engine/Content/Functions/Engine_MaterialFunctions03/Blends/Blend_Overlay.uexp" 873
"../../../Engine/Content/OpenWorldTemplate/LandscapeMaterial/T_GridChecker_A.ubulk" 874
"../../../Engine/Content/OpenWorldTemplate/LandscapeMaterial/T_GridChecker_A.uasset" 875
"../../../Engine/Content/OpenWorldTemplate/LandscapeMaterial/T_GridChecker_A.uexp" 876
"../../../Engine/Content/Functions/Engine_MaterialFunctions01/Gradient/LinearGradient.uasset" 877
"../../../Engine/Content/Functions/Engine_MaterialFunctions01/Gradient/LinearGradient.uexp" 878
"../../../Engine/Content/Functions/Engine_MaterialFunctions01/ImageAdjustment/CheapContrast.uasset" 879
"../../../Engine/Content/Functions/Engine_MaterialFunctions01/ImageAdjustment/CheapContrast.uexp" 880
"../../../Engine/Content/OpenWorldTemplate/LandscapeMaterial/MF_ProcGrid.uasset" 881
"../../../Engine/Content/OpenWorldTemplate/LandscapeMaterial/MF_ProcGrid.uexp" 882
"../../../Engine/Content/OpenWorldTemplate/LandscapeMaterial/M_ProcGrid.uasset" 883
"../../../Engine/Content/OpenWorldTemplate/LandscapeMaterial/M_ProcGrid.uexp" 884
"../../../Engine/Content/OpenWorldTemplate/LandscapeMaterial/MI_ProcGrid.uasset" 885
"../../../Engine/Content/OpenWorldTemplate/LandscapeMaterial/MI_ProcGrid.uexp" 886
"../../../Engine/Content/EngineSky/T_Sky_Stars.ubulk" 887
"../../../Engine/Content/EngineSky/T_Sky_Stars.uasset" 888
"../../../Engine/Content/EngineSky/T_Sky_Stars.uexp" 889
"../../../Engine/Content/EngineSky/T_Sky_Clouds_M.ubulk" 890
"../../../Engine/Content/EngineSky/T_Sky_Clouds_M.uasset" 891
"../../../Engine/Content/EngineSky/T_Sky_Clouds_M.uexp" 892
"../../../Engine/Content/EngineSky/T_Sky_Blue.ubulk" 893
"../../../Engine/Content/EngineSky/T_Sky_Blue.uasset" 894
"../../../Engine/Content/EngineSky/T_Sky_Blue.uexp" 895
"../../../Engine/Content/EngineSky/M_Sky_Panning_Clouds2.uasset" 896
"../../../Engine/Content/EngineSky/M_Sky_Panning_Clouds2.uexp" 897
"../../../Engine/Content/EngineSky/SM_SkySphere.ubulk" 898
"../../../Engine/Content/EngineSky/SM_SkySphere.uasset" 899
"../../../Engine/Content/EngineSky/SM_SkySphere.uexp" 900
"../../../Engine/Content/MapTemplates/SM_Template_Map_Floor.ubulk" 901
"../../../Engine/Content/MapTemplates/SM_Template_Map_Floor.uasset" 902
"../../../Engine/Content/MapTemplates/SM_Template_Map_Floor.uexp" 903
"C:/Users/Celine/Documents/Unreal Projects/ASpectrumUnbound/Content/ThirdPerson/Blueprints/BP_SafeSpaceTrigger.uasset" 904
"C:/Users/Celine/Documents/Unreal Projects/ASpectrumUnbound/Content/ThirdPerson/Blueprints/BP_SafeSpaceTrigger.uexp" 905
"../../../Engine/Content/EditorMeshes/ArcadeEditorSphere.ubulk" 906
"../../../Engine/Content/EditorMeshes/ArcadeEditorSphere.uasset" 907
"../../../Engine/Content/EditorMeshes/ArcadeEditorSphere.uexp" 908
"../../../Engine/Content/EditorMeshes/EditorCube.ubulk" 909
"../../../Engine/Content/EditorMeshes/EditorCube.uasset" 910
"../../../Engine/Content/EditorMeshes/EditorCube.uexp" 911
"../../../Engine/Content/EngineSky/M_SimpleSkyDome.uasset" 912
"../../../Engine/Content/EngineSky/M_SimpleSkyDome.uexp" 913
"C:/Users/Celine/Documents/Unreal Projects/ASpectrumUnbound/Content/ThirdPerson/Maps/BlockPrototypeMap.uexp" 914
"C:/Users/Celine/Documents/Unreal Projects/ASpectrumUnbound/Content/ThirdPerson/Maps/BlockPrototypeMap.umap" 915
